# JRE version: Java(TM) SE Runtime Environment (8.0_25-b18) (build 1.8.0_25-b18)
# Java VM: Java HotSpot(TM) 64-Bit Server VM (25.25-b02 mixed mode windows-amd64 compressed oops)
Heap:
 PSYoungGen      total 333824K, used 274988K [0x00000000d5f00000, 0x00000000ef280000, 0x0000000100000000)
  eden space 322560K, 81% used [0x00000000d5f00000,0x00000000e6091fe8,0x00000000e9a00000)
  from space 11264K, 99% used [0x00000000e9a00000,0x00000000ea4f92f8,0x00000000ea500000)
  to   space 13312K, 0% used [0x00000000ee580000,0x00000000ee580000,0x00000000ef280000)
 ParOldGen       total 93184K, used 15633K [0x0000000081c00000, 0x0000000087700000, 0x00000000d5f00000)
  object space 93184K, 16% used [0x0000000081c00000,0x0000000082b44758,0x0000000087700000)
 Metaspace       used 53143K, capacity 56052K, committed 56192K, reserved 1097728K
  class space    used 6800K, capacity 7263K, committed 7296K, reserved 1048576K
GC Heap History (10 events):
Event: 8.671 GC heap before
{Heap before GC invocations=7 (full 1):
 PSYoungGen      total 138240K, used 133120K [0x00000000d5f00000, 0x00000000e7300000, 0x0000000100000000)
  eden space 133120K, 100% used [0x00000000d5f00000,0x00000000de100000,0x00000000de100000)
  from space 5120K, 0% used [0x00000000de100000,0x00000000de100000,0x00000000de600000)
  to   space 8192K, 0% used [0x00000000e6b00000,0x00000000e6b00000,0x00000000e7300000)
 ParOldGen       total 56832K, used 7620K [0x0000000081c00000, 0x0000000085380000, 0x00000000d5f00000)
  object space 56832K, 13% used [0x0000000081c00000,0x0000000082371000,0x0000000085380000)
 Metaspace       used 23984K, capacity 25544K, committed 25728K, reserved 1071104K
  class space    used 2853K, capacity 3126K, committed 3200K, reserved 1048576K
Event: 8.678 GC heap after
Heap after GC invocations=7 (full 1):
 PSYoungGen      total 215040K, used 4157K [0x00000000d5f00000, 0x00000000e6f80000, 0x0000000100000000)
  eden space 210432K, 0% used [0x00000000d5f00000,0x00000000d5f00000,0x00000000e2c80000)
  from space 4608K, 90% used [0x00000000e6b00000,0x00000000e6f0f590,0x00000000e6f80000)
  to   space 8192K, 0% used [0x00000000e5f80000,0x00000000e5f80000,0x00000000e6780000)
 ParOldGen       total 56832K, used 7628K [0x0000000081c00000, 0x0000000085380000, 0x00000000d5f00000)
  object space 56832K, 13% used [0x0000000081c00000,0x0000000082373000,0x0000000085380000)
 Metaspace       used 23984K, capacity 25544K, committed 25728K, reserved 1071104K
  class space    used 2853K, capacity 3126K, committed 3200K, reserved 1048576K
}
Event: 10.753 GC heap before
{Heap before GC invocations=8 (full 1):
 PSYoungGen      total 215040K, used 214589K [0x00000000d5f00000, 0x00000000e6f80000, 0x0000000100000000)
  eden space 210432K, 100% used [0x00000000d5f00000,0x00000000e2c80000,0x00000000e2c80000)
  from space 4608K, 90% used [0x00000000e6b00000,0x00000000e6f0f590,0x00000000e6f80000)
  to   space 8192K, 0% used [0x00000000e5f80000,0x00000000e5f80000,0x00000000e6780000)
 ParOldGen       total 56832K, used 7628K [0x0000000081c00000, 0x0000000085380000, 0x00000000d5f00000)
  object space 56832K, 13% used [0x0000000081c00000,0x0000000082373000,0x0000000085380000)
 Metaspace       used 28736K, capacity 30592K, committed 30720K, reserved 1077248K
  class space    used 3397K, capacity 3732K, committed 3840K, reserved 1048576K
Event: 10.765 GC heap after
Heap after GC invocations=8 (full 1):
 PSYoungGen      total 270848K, used 8177K [0x00000000d5f00000, 0x00000000eae80000, 0x0000000100000000)
  eden space 262656K, 0% used [0x00000000d5f00000,0x00000000d5f00000,0x00000000e5f80000)
  from space 8192K, 99% used [0x00000000e5f80000,0x00000000e677c5f8,0x00000000e6780000)
  to   space 9728K, 0% used [0x00000000ea500000,0x00000000ea500000,0x00000000eae80000)
 ParOldGen       total 56832K, used 8372K [0x0000000081c00000, 0x0000000085380000, 0x00000000d5f00000)
  object space 56832K, 14% used [0x0000000081c00000,0x000000008242d068,0x0000000085380000)
 Metaspace       used 28736K, capacity 30592K, committed 30720K, reserved 1077248K
  class space    used 3397K, capacity 3732K, committed 3840K, reserved 1048576K
}
Event: 12.898 GC heap before
{Heap before GC invocations=9 (full 1):
 PSYoungGen      total 270848K, used 153080K [0x00000000d5f00000, 0x00000000eae80000, 0x0000000100000000)
  eden space 262656K, 55% used [0x00000000d5f00000,0x00000000dec81c40,0x00000000e5f80000)
  from space 8192K, 99% used [0x00000000e5f80000,0x00000000e677c5f8,0x00000000e6780000)
  to   space 9728K, 0% used [0x00000000ea500000,0x00000000ea500000,0x00000000eae80000)
 ParOldGen       total 56832K, used 8372K [0x0000000081c00000, 0x0000000085380000, 0x00000000d5f00000)
  object space 56832K, 14% used [0x0000000081c00000,0x000000008242d068,0x0000000085380000)
 Metaspace       used 33227K, capacity 35442K, committed 35496K, reserved 1081344K
  class space    used 3975K, capacity 4337K, committed 4352K, reserved 1048576K
Event: 12.917 GC heap after
Heap after GC invocations=9 (full 1):
 PSYoungGen      total 332288K, used 9721K [0x00000000d5f00000, 0x00000000efc00000, 0x0000000100000000)
  eden space 322560K, 0% used [0x00000000d5f00000,0x00000000d5f00000,0x00000000e9a00000)
  from space 9728K, 99% used [0x00000000ea500000,0x00000000eae7e4c8,0x00000000eae80000)
  to   space 11264K, 0% used [0x00000000e9a00000,0x00000000e9a00000,0x00000000ea500000)
 ParOldGen       total 56832K, used 8380K [0x0000000081c00000, 0x0000000085380000, 0x00000000d5f00000)
  object space 56832K, 14% used [0x0000000081c00000,0x000000008242f068,0x0000000085380000)
 Metaspace       used 33227K, capacity 35442K, committed 35496K, reserved 1081344K
  class space    used 3975K, capacity 4337K, committed 4352K, reserved 1048576K
}
Event: 12.917 GC heap before
{Heap before GC invocations=10 (full 2):
 PSYoungGen      total 332288K, used 9721K [0x00000000d5f00000, 0x00000000efc00000, 0x0000000100000000)
  eden space 322560K, 0% used [0x00000000d5f00000,0x00000000d5f00000,0x00000000e9a00000)
  from space 9728K, 99% used [0x00000000ea500000,0x00000000eae7e4c8,0x00000000eae80000)
  to   space 11264K, 0% used [0x00000000e9a00000,0x00000000e9a00000,0x00000000ea500000)
 ParOldGen       total 56832K, used 8380K [0x0000000081c00000, 0x0000000085380000, 0x00000000d5f00000)
  object space 56832K, 14% used [0x0000000081c00000,0x000000008242f068,0x0000000085380000)
 Metaspace       used 33227K, capacity 35442K, committed 35496K, reserved 1081344K
  class space    used 3975K, capacity 4337K, committed 4352K, reserved 1048576K
Event: 13.048 GC heap after
Heap after GC invocations=10 (full 2):
 PSYoungGen      total 332288K, used 0K [0x00000000d5f00000, 0x00000000efc00000, 0x0000000100000000)
  eden space 322560K, 0% used [0x00000000d5f00000,0x00000000d5f00000,0x00000000e9a00000)
  from space 9728K, 0% used [0x00000000ea500000,0x00000000ea500000,0x00000000eae80000)
  to   space 11264K, 0% used [0x00000000e9a00000,0x00000000e9a00000,0x00000000ea500000)
 ParOldGen       total 93184K, used 14103K [0x0000000081c00000, 0x0000000087700000, 0x00000000d5f00000)
  object space 93184K, 15% used [0x0000000081c00000,0x00000000829c5d70,0x0000000087700000)
 Metaspace       used 33227K, capacity 35442K, committed 35496K, reserved 1081344K
  class space    used 3975K, capacity 4337K, committed 4352K, reserved 1048576K
}
Event: 20.451 GC heap before
{Heap before GC invocations=11 (full 2):
 PSYoungGen      total 332288K, used 322560K [0x00000000d5f00000, 0x00000000efc00000, 0x0000000100000000)
  eden space 322560K, 100% used [0x00000000d5f00000,0x00000000e9a00000,0x00000000e9a00000)
  from space 9728K, 0% used [0x00000000ea500000,0x00000000ea500000,0x00000000eae80000)
  to   space 11264K, 0% used [0x00000000e9a00000,0x00000000e9a00000,0x00000000ea500000)
 ParOldGen       total 93184K, used 14103K [0x0000000081c00000, 0x0000000087700000, 0x00000000d5f00000)
  object space 93184K, 15% used [0x0000000081c00000,0x00000000829c5d70,0x0000000087700000)
 Metaspace       used 45012K, capacity 47660K, committed 48000K, reserved 1091584K
  class space    used 5764K, capacity 6185K, committed 6272K, reserved 1048576K
Event: 20.482 GC heap after
Heap after GC invocations=11 (full 2):
 PSYoungGen      total 333824K, used 11236K [0x00000000d5f00000, 0x00000000ef280000, 0x0000000100000000)
  eden space 322560K, 0% used [0x00000000d5f00000,0x00000000d5f00000,0x00000000e9a00000)
  from space 11264K, 99% used [0x00000000e9a00000,0x00000000ea4f92f8,0x00000000ea500000)
  to   space 13312K, 0% used [0x00000000ee580000,0x00000000ee580000,0x00000000ef280000)
 ParOldGen       total 93184K, used 15633K [0x0000000081c00000, 0x0000000087700000, 0x00000000d5f00000)
  object space 93184K, 16% used [0x0000000081c00000,0x0000000082b44758,0x0000000087700000)
 Metaspace       used 45012K, capacity 47660K, committed 48000K, reserved 1091584K
  class space    used 5764K, capacity 6185K, committed 6272K, reserved 1048576K
}

