# JRE version: Java(TM) SE Runtime Environment (8.0_25-b18) (build 1.8.0_25-b18)
# Java VM: Java HotSpot(TM) 64-Bit Server VM (25.25-b02 mixed mode windows-amd64 compressed oops)
Heap:
 PSYoungGen      total 288256K, used 130078K [0x00000000d5f00000, 0x00000000e8880000, 0x0000000100000000)
  eden space 281088K, 43% used [0x00000000d5f00000,0x00000000dd73ec68,0x00000000e7180000)
  from space 7168K, 96% used [0x00000000e8180000,0x00000000e8848cc8,0x00000000e8880000)
  to   space 10240K, 0% used [0x00000000e7480000,0x00000000e7480000,0x00000000e7e80000)
 ParOldGen       total 88576K, used 17140K [0x0000000081c00000, 0x0000000087280000, 0x00000000d5f00000)
  object space 88576K, 19% used [0x0000000081c00000,0x0000000082cbd298,0x0000000087280000)
 Metaspace       used 53086K, capacity 56038K, committed 56192K, reserved 1097728K
  class space    used 6798K, capacity 7262K, committed 7296K, reserved 1048576K
GC Heap History (10 events):
Event: 11.431 GC heap before
{Heap before GC invocations=12 (full 1):
 PSYoungGen      total 179712K, used 179688K [0x00000000d5f00000, 0x00000000e1600000, 0x0000000100000000)
  eden space 174592K, 100% used [0x00000000d5f00000,0x00000000e0980000,0x00000000e0980000)
  from space 5120K, 99% used [0x00000000e1100000,0x00000000e15fa000,0x00000000e1600000)
  to   space 6144K, 0% used [0x00000000e0a00000,0x00000000e0a00000,0x00000000e1000000)
 ParOldGen       total 55296K, used 6131K [0x0000000081c00000, 0x0000000085200000, 0x00000000d5f00000)
  object space 55296K, 11% used [0x0000000081c00000,0x00000000821fcdd8,0x0000000085200000)
 Metaspace       used 31355K, capacity 33444K, committed 33664K, reserved 1079296K
  class space    used 3738K, capacity 4110K, committed 4224K, reserved 1048576K
Event: 11.449 GC heap after
Heap after GC invocations=12 (full 1):
 PSYoungGen      total 181248K, used 6129K [0x00000000d5f00000, 0x00000000e4c80000, 0x0000000100000000)
  eden space 175104K, 0% used [0x00000000d5f00000,0x00000000d5f00000,0x00000000e0a00000)
  from space 6144K, 99% used [0x00000000e0a00000,0x00000000e0ffc500,0x00000000e1000000)
  to   space 8192K, 0% used [0x00000000e4480000,0x00000000e4480000,0x00000000e4c80000)
 ParOldGen       total 55296K, used 10252K [0x0000000081c00000, 0x0000000085200000, 0x00000000d5f00000)
  object space 55296K, 18% used [0x0000000081c00000,0x00000000826032e0,0x0000000085200000)
 Metaspace       used 31355K, capacity 33444K, committed 33664K, reserved 1079296K
  class space    used 3738K, capacity 4110K, committed 4224K, reserved 1048576K
}
Event: 12.172 GC heap before
{Heap before GC invocations=13 (full 1):
 PSYoungGen      total 181248K, used 62394K [0x00000000d5f00000, 0x00000000e4c80000, 0x0000000100000000)
  eden space 175104K, 32% used [0x00000000d5f00000,0x00000000d95f2608,0x00000000e0a00000)
  from space 6144K, 99% used [0x00000000e0a00000,0x00000000e0ffc500,0x00000000e1000000)
  to   space 8192K, 0% used [0x00000000e4480000,0x00000000e4480000,0x00000000e4c80000)
 ParOldGen       total 55296K, used 10252K [0x0000000081c00000, 0x0000000085200000, 0x00000000d5f00000)
  object space 55296K, 18% used [0x0000000081c00000,0x00000000826032e0,0x0000000085200000)
 Metaspace       used 33257K, capacity 35440K, committed 35496K, reserved 1081344K
  class space    used 3975K, capacity 4338K, committed 4352K, reserved 1048576K
Event: 12.182 GC heap after
Heap after GC invocations=13 (full 1):
 PSYoungGen      total 235008K, used 2564K [0x00000000d5f00000, 0x00000000e4e80000, 0x0000000100000000)
  eden space 226816K, 0% used [0x00000000d5f00000,0x00000000d5f00000,0x00000000e3c80000)
  from space 8192K, 31% used [0x00000000e4480000,0x00000000e4701048,0x00000000e4c80000)
  to   space 8192K, 0% used [0x00000000e3c80000,0x00000000e3c80000,0x00000000e4480000)
 ParOldGen       total 55296K, used 13887K [0x0000000081c00000, 0x0000000085200000, 0x00000000d5f00000)
  object space 55296K, 25% used [0x0000000081c00000,0x000000008298fcd0,0x0000000085200000)
 Metaspace       used 33257K, capacity 35440K, committed 35496K, reserved 1081344K
  class space    used 3975K, capacity 4338K, committed 4352K, reserved 1048576K
}
Event: 12.182 GC heap before
{Heap before GC invocations=14 (full 2):
 PSYoungGen      total 235008K, used 2564K [0x00000000d5f00000, 0x00000000e4e80000, 0x0000000100000000)
  eden space 226816K, 0% used [0x00000000d5f00000,0x00000000d5f00000,0x00000000e3c80000)
  from space 8192K, 31% used [0x00000000e4480000,0x00000000e4701048,0x00000000e4c80000)
  to   space 8192K, 0% used [0x00000000e3c80000,0x00000000e3c80000,0x00000000e4480000)
 ParOldGen       total 55296K, used 13887K [0x0000000081c00000, 0x0000000085200000, 0x00000000d5f00000)
  object space 55296K, 25% used [0x0000000081c00000,0x000000008298fcd0,0x0000000085200000)
 Metaspace       used 33257K, capacity 35440K, committed 35496K, reserved 1081344K
  class space    used 3975K, capacity 4338K, committed 4352K, reserved 1048576K
Event: 12.253 GC heap after
Heap after GC invocations=14 (full 2):
 PSYoungGen      total 235008K, used 0K [0x00000000d5f00000, 0x00000000e4e80000, 0x0000000100000000)
  eden space 226816K, 0% used [0x00000000d5f00000,0x00000000d5f00000,0x00000000e3c80000)
  from space 8192K, 0% used [0x00000000e4480000,0x00000000e4480000,0x00000000e4c80000)
  to   space 8192K, 0% used [0x00000000e3c80000,0x00000000e3c80000,0x00000000e4480000)
 ParOldGen       total 88576K, used 11961K [0x0000000081c00000, 0x0000000087280000, 0x00000000d5f00000)
  object space 88576K, 13% used [0x0000000081c00000,0x00000000827ae780,0x0000000087280000)
 Metaspace       used 33257K, capacity 35440K, committed 35496K, reserved 1081344K
  class space    used 3975K, capacity 4338K, committed 4352K, reserved 1048576K
}
Event: 16.997 GC heap before
{Heap before GC invocations=15 (full 2):
 PSYoungGen      total 235008K, used 226816K [0x00000000d5f00000, 0x00000000e4e80000, 0x0000000100000000)
  eden space 226816K, 100% used [0x00000000d5f00000,0x00000000e3c80000,0x00000000e3c80000)
  from space 8192K, 0% used [0x00000000e4480000,0x00000000e4480000,0x00000000e4c80000)
  to   space 8192K, 0% used [0x00000000e3c80000,0x00000000e3c80000,0x00000000e4480000)
 ParOldGen       total 88576K, used 11961K [0x0000000081c00000, 0x0000000087280000, 0x00000000d5f00000)
  object space 88576K, 13% used [0x0000000081c00000,0x00000000827ae780,0x0000000087280000)
 Metaspace       used 41580K, capacity 44074K, committed 44160K, reserved 1087488K
  class space    used 5270K, capacity 5700K, committed 5760K, reserved 1048576K
Event: 17.024 GC heap after
Heap after GC invocations=15 (full 2):
 PSYoungGen      total 235008K, used 8190K [0x00000000d5f00000, 0x00000000e8b00000, 0x0000000100000000)
  eden space 226816K, 0% used [0x00000000d5f00000,0x00000000d5f00000,0x00000000e3c80000)
  from space 8192K, 99% used [0x00000000e3c80000,0x00000000e447fa58,0x00000000e4480000)
  to   space 9728K, 0% used [0x00000000e8180000,0x00000000e8180000,0x00000000e8b00000)
 ParOldGen       total 88576K, used 13612K [0x0000000081c00000, 0x0000000087280000, 0x00000000d5f00000)
  object space 88576K, 15% used [0x0000000081c00000,0x000000008294b3c0,0x0000000087280000)
 Metaspace       used 41580K, capacity 44074K, committed 44160K, reserved 1087488K
  class space    used 5270K, capacity 5700K, committed 5760K, reserved 1048576K
}
Event: 22.285 GC heap before
{Heap before GC invocations=16 (full 2):
 PSYoungGen      total 235008K, used 235006K [0x00000000d5f00000, 0x00000000e8b00000, 0x0000000100000000)
  eden space 226816K, 100% used [0x00000000d5f00000,0x00000000e3c80000,0x00000000e3c80000)
  from space 8192K, 99% used [0x00000000e3c80000,0x00000000e447fa58,0x00000000e4480000)
  to   space 9728K, 0% used [0x00000000e8180000,0x00000000e8180000,0x00000000e8b00000)
 ParOldGen       total 88576K, used 13612K [0x0000000081c00000, 0x0000000087280000, 0x00000000d5f00000)
  object space 88576K, 15% used [0x0000000081c00000,0x000000008294b3c0,0x0000000087280000)
 Metaspace       used 48995K, capacity 51756K, committed 51840K, reserved 1093632K
  class space    used 6263K, capacity 6723K, committed 6784K, reserved 1048576K
Event: 22.302 GC heap after
Heap after GC invocations=16 (full 2):
 PSYoungGen      total 288256K, used 6947K [0x00000000d5f00000, 0x00000000e8880000, 0x0000000100000000)
  eden space 281088K, 0% used [0x00000000d5f00000,0x00000000d5f00000,0x00000000e7180000)
  from space 7168K, 96% used [0x00000000e8180000,0x00000000e8848cc8,0x00000000e8880000)
  to   space 10240K, 0% used [0x00000000e7480000,0x00000000e7480000,0x00000000e7e80000)
 ParOldGen       total 88576K, used 17140K [0x0000000081c00000, 0x0000000087280000, 0x00000000d5f00000)
  object space 88576K, 19% used [0x0000000081c00000,0x0000000082cbd298,0x0000000087280000)
 Metaspace       used 48995K, capacity 51756K, committed 51840K, reserved 1093632K
  class space    used 6263K, capacity 6723K, committed 6784K, reserved 1048576K
}

