# JRE version: Java(TM) SE Runtime Environment (8.0_25-b18) (build 1.8.0_25-b18)
# Java VM: Java HotSpot(TM) 64-Bit Server VM (25.25-b02 mixed mode windows-amd64 compressed oops)
Heap:
 PSYoungGen      total 202240K, used 51665K [0x00000000d5f00000, 0x00000000e3e00000, 0x0000000100000000)
  eden space 195072K, 22% used [0x00000000d5f00000,0x00000000d8acb8b8,0x00000000e1d80000)
  from space 7168K, 95% used [0x00000000e3700000,0x00000000e3da8b48,0x00000000e3e00000)
  to   space 12288K, 0% used [0x00000000e2600000,0x00000000e2600000,0x00000000e3200000)
 ParOldGen       total 120832K, used 24480K [0x0000000081c00000, 0x0000000089200000, 0x00000000d5f00000)
  object space 120832K, 20% used [0x0000000081c00000,0x00000000833e8218,0x0000000089200000)
 Metaspace       used 61477K, capacity 66368K, committed 66608K, reserved 1105920K
  class space    used 8749K, capacity 9509K, committed 9520K, reserved 1048576K
GC Heap History (10 events):
Event: 17.220 GC heap before
{Heap before GC invocations=13 (full 2):
 PSYoungGen      total 136704K, used 125952K [0x00000000d5f00000, 0x00000000df180000, 0x0000000100000000)
  eden space 125952K, 100% used [0x00000000d5f00000,0x00000000dda00000,0x00000000dda00000)
  from space 10752K, 0% used [0x00000000de400000,0x00000000de400000,0x00000000dee80000)
  to   space 10240K, 0% used [0x00000000dda00000,0x00000000dda00000,0x00000000de400000)
 ParOldGen       total 81920K, used 13205K [0x0000000081c00000, 0x0000000086c00000, 0x00000000d5f00000)
  object space 81920K, 16% used [0x0000000081c00000,0x00000000828e5688,0x0000000086c00000)
 Metaspace       used 44984K, capacity 47774K, committed 47920K, reserved 1091584K
  class space    used 6127K, capacity 6626K, committed 6704K, reserved 1048576K
Event: 17.238 GC heap after
Heap after GC invocations=13 (full 2):
 PSYoungGen      total 136192K, used 10215K [0x00000000d5f00000, 0x00000000e1800000, 0x0000000100000000)
  eden space 125952K, 0% used [0x00000000d5f00000,0x00000000d5f00000,0x00000000dda00000)
  from space 10240K, 99% used [0x00000000dda00000,0x00000000de3f9ec0,0x00000000de400000)
  to   space 12288K, 0% used [0x00000000e0c00000,0x00000000e0c00000,0x00000000e1800000)
 ParOldGen       total 81920K, used 15928K [0x0000000081c00000, 0x0000000086c00000, 0x00000000d5f00000)
  object space 81920K, 19% used [0x0000000081c00000,0x0000000082b8e398,0x0000000086c00000)
 Metaspace       used 44984K, capacity 47774K, committed 47920K, reserved 1091584K
  class space    used 6127K, capacity 6626K, committed 6704K, reserved 1048576K
}
Event: 20.189 GC heap before
{Heap before GC invocations=14 (full 2):
 PSYoungGen      total 136192K, used 136167K [0x00000000d5f00000, 0x00000000e1800000, 0x0000000100000000)
  eden space 125952K, 100% used [0x00000000d5f00000,0x00000000dda00000,0x00000000dda00000)
  from space 10240K, 99% used [0x00000000dda00000,0x00000000de3f9ec0,0x00000000de400000)
  to   space 12288K, 0% used [0x00000000e0c00000,0x00000000e0c00000,0x00000000e1800000)
 ParOldGen       total 81920K, used 15928K [0x0000000081c00000, 0x0000000086c00000, 0x00000000d5f00000)
  object space 81920K, 19% used [0x0000000081c00000,0x0000000082b8e398,0x0000000086c00000)
 Metaspace       used 52837K, capacity 56188K, committed 56368K, reserved 1097728K
  class space    used 7310K, capacity 7859K, committed 7984K, reserved 1048576K
Event: 20.220 GC heap after
Heap after GC invocations=14 (full 2):
 PSYoungGen      total 175616K, used 10265K [0x00000000d5f00000, 0x00000000e1880000, 0x0000000100000000)
  eden space 163328K, 0% used [0x00000000d5f00000,0x00000000d5f00000,0x00000000dfe80000)
  from space 12288K, 83% used [0x00000000e0c00000,0x00000000e16065f8,0x00000000e1800000)
  to   space 13312K, 0% used [0x00000000dfe80000,0x00000000dfe80000,0x00000000e0b80000)
 ParOldGen       total 81920K, used 20395K [0x0000000081c00000, 0x0000000086c00000, 0x00000000d5f00000)
  object space 81920K, 24% used [0x0000000081c00000,0x0000000082feacc0,0x0000000086c00000)
 Metaspace       used 52837K, capacity 56188K, committed 56368K, reserved 1097728K
  class space    used 7310K, capacity 7859K, committed 7984K, reserved 1048576K
}
Event: 24.315 GC heap before
{Heap before GC invocations=15 (full 2):
 PSYoungGen      total 175616K, used 88726K [0x00000000d5f00000, 0x00000000e1880000, 0x0000000100000000)
  eden space 163328K, 48% used [0x00000000d5f00000,0x00000000dab9f568,0x00000000dfe80000)
  from space 12288K, 83% used [0x00000000e0c00000,0x00000000e16065f8,0x00000000e1800000)
  to   space 13312K, 0% used [0x00000000dfe80000,0x00000000dfe80000,0x00000000e0b80000)
 ParOldGen       total 81920K, used 20395K [0x0000000081c00000, 0x0000000086c00000, 0x00000000d5f00000)
  object space 81920K, 24% used [0x0000000081c00000,0x0000000082feacc0,0x0000000086c00000)
 Metaspace       used 55019K, capacity 59070K, committed 59160K, reserved 1099776K
  class space    used 7694K, capacity 8328K, committed 8368K, reserved 1048576K
Event: 24.339 GC heap after
Heap after GC invocations=15 (full 2):
 PSYoungGen      total 176640K, used 5042K [0x00000000d5f00000, 0x00000000e4380000, 0x0000000100000000)
  eden space 163328K, 0% used [0x00000000d5f00000,0x00000000d5f00000,0x00000000dfe80000)
  from space 13312K, 37% used [0x00000000dfe80000,0x00000000e036cba8,0x00000000e0b80000)
  to   space 12800K, 0% used [0x00000000e3700000,0x00000000e3700000,0x00000000e4380000)
 ParOldGen       total 81920K, used 24503K [0x0000000081c00000, 0x0000000086c00000, 0x00000000d5f00000)
  object space 81920K, 29% used [0x0000000081c00000,0x00000000833ede38,0x0000000086c00000)
 Metaspace       used 55019K, capacity 59070K, committed 59160K, reserved 1099776K
  class space    used 7694K, capacity 8328K, committed 8368K, reserved 1048576K
}
Event: 24.339 GC heap before
{Heap before GC invocations=16 (full 3):
 PSYoungGen      total 176640K, used 5042K [0x00000000d5f00000, 0x00000000e4380000, 0x0000000100000000)
  eden space 163328K, 0% used [0x00000000d5f00000,0x00000000d5f00000,0x00000000dfe80000)
  from space 13312K, 37% used [0x00000000dfe80000,0x00000000e036cba8,0x00000000e0b80000)
  to   space 12800K, 0% used [0x00000000e3700000,0x00000000e3700000,0x00000000e4380000)
 ParOldGen       total 81920K, used 24503K [0x0000000081c00000, 0x0000000086c00000, 0x00000000d5f00000)
  object space 81920K, 29% used [0x0000000081c00000,0x00000000833ede38,0x0000000086c00000)
 Metaspace       used 55019K, capacity 59070K, committed 59160K, reserved 1099776K
  class space    used 7694K, capacity 8328K, committed 8368K, reserved 1048576K
Event: 24.715 GC heap after
Heap after GC invocations=16 (full 3):
 PSYoungGen      total 176640K, used 0K [0x00000000d5f00000, 0x00000000e4380000, 0x0000000100000000)
  eden space 163328K, 0% used [0x00000000d5f00000,0x00000000d5f00000,0x00000000dfe80000)
  from space 13312K, 0% used [0x00000000dfe80000,0x00000000dfe80000,0x00000000e0b80000)
  to   space 12800K, 0% used [0x00000000e3700000,0x00000000e3700000,0x00000000e4380000)
 ParOldGen       total 120832K, used 24472K [0x0000000081c00000, 0x0000000089200000, 0x00000000d5f00000)
  object space 120832K, 20% used [0x0000000081c00000,0x00000000833e6218,0x0000000089200000)
 Metaspace       used 55019K, capacity 59070K, committed 59160K, reserved 1099776K
  class space    used 7694K, capacity 8328K, committed 8368K, reserved 1048576K
}
Event: 28.626 GC heap before
{Heap before GC invocations=17 (full 3):
 PSYoungGen      total 176640K, used 163328K [0x00000000d5f00000, 0x00000000e4380000, 0x0000000100000000)
  eden space 163328K, 100% used [0x00000000d5f00000,0x00000000dfe80000,0x00000000dfe80000)
  from space 13312K, 0% used [0x00000000dfe80000,0x00000000dfe80000,0x00000000e0b80000)
  to   space 12800K, 0% used [0x00000000e3700000,0x00000000e3700000,0x00000000e4380000)
 ParOldGen       total 120832K, used 24472K [0x0000000081c00000, 0x0000000089200000, 0x00000000d5f00000)
  object space 120832K, 20% used [0x0000000081c00000,0x00000000833e6218,0x0000000089200000)
 Metaspace       used 59105K, capacity 63860K, committed 63920K, reserved 1103872K
  class space    used 8348K, capacity 9091K, committed 9136K, reserved 1048576K
Event: 28.648 GC heap after
Heap after GC invocations=17 (full 3):
 PSYoungGen      total 202240K, used 6818K [0x00000000d5f00000, 0x00000000e3e00000, 0x0000000100000000)
  eden space 195072K, 0% used [0x00000000d5f00000,0x00000000d5f00000,0x00000000e1d80000)
  from space 7168K, 95% used [0x00000000e3700000,0x00000000e3da8b48,0x00000000e3e00000)
  to   space 12288K, 0% used [0x00000000e2600000,0x00000000e2600000,0x00000000e3200000)
 ParOldGen       total 120832K, used 24480K [0x0000000081c00000, 0x0000000089200000, 0x00000000d5f00000)
  object space 120832K, 20% used [0x0000000081c00000,0x00000000833e8218,0x0000000089200000)
 Metaspace       used 59105K, capacity 63860K, committed 63920K, reserved 1103872K
  class space    used 8348K, capacity 9091K, committed 9136K, reserved 1048576K
}

