# JRE version: Java(TM) SE Runtime Environment (8.0_25-b18) (build 1.8.0_25-b18)
# Java VM: Java HotSpot(TM) 64-Bit Server VM (25.25-b02 mixed mode windows-amd64 compressed oops)
Heap:
 PSYoungGen      total 127488K, used 54799K [0x00000000d5f00000, 0x00000000e0300000, 0x0000000100000000)
  eden space 117248K, 40% used [0x00000000d5f00000,0x00000000d8d2eba8,0x00000000dd180000)
  from space 10240K, 73% used [0x00000000dd180000,0x00000000dd8d5278,0x00000000ddb80000)
  to   space 10240K, 0% used [0x00000000df900000,0x00000000df900000,0x00000000e0300000)
 ParOldGen       total 87552K, used 14250K [0x0000000081c00000, 0x0000000087180000, 0x00000000d5f00000)
  object space 87552K, 16% used [0x0000000081c00000,0x00000000829ea9b8,0x0000000087180000)
 Metaspace       used 44143K, capacity 46976K, committed 47144K, reserved 1089536K
  class space    used 6219K, capacity 6691K, committed 6696K, reserved 1048576K
GC Heap History (10 events):
Event: 4.940 GC heap before
{Heap before GC invocations=9 (full 1):
 PSYoungGen      total 71680K, used 66272K [0x00000000d5f00000, 0x00000000dc580000, 0x0000000100000000)
  eden space 63488K, 100% used [0x00000000d5f00000,0x00000000d9d00000,0x00000000d9d00000)
  from space 8192K, 33% used [0x00000000d9d00000,0x00000000d9fb81a8,0x00000000da500000)
  to   space 8704K, 0% used [0x00000000dbd00000,0x00000000dbd00000,0x00000000dc580000)
 ParOldGen       total 54784K, used 6787K [0x0000000081c00000, 0x0000000085180000, 0x00000000d5f00000)
  object space 54784K, 12% used [0x0000000081c00000,0x00000000822a0e30,0x0000000085180000)
 Metaspace       used 24307K, capacity 26156K, committed 26368K, reserved 1073152K
  class space    used 3198K, capacity 3538K, committed 3584K, reserved 1048576K
Event: 4.950 GC heap after
Heap after GC invocations=9 (full 1):
 PSYoungGen      total 96768K, used 5219K [0x00000000d5f00000, 0x00000000dd300000, 0x0000000100000000)
  eden space 88064K, 0% used [0x00000000d5f00000,0x00000000d5f00000,0x00000000db500000)
  from space 8704K, 59% used [0x00000000dbd00000,0x00000000dc218c70,0x00000000dc580000)
  to   space 8192K, 0% used [0x00000000db500000,0x00000000db500000,0x00000000dbd00000)
 ParOldGen       total 54784K, used 6787K [0x0000000081c00000, 0x0000000085180000, 0x00000000d5f00000)
  object space 54784K, 12% used [0x0000000081c00000,0x00000000822a0e30,0x0000000085180000)
 Metaspace       used 24307K, capacity 26156K, committed 26368K, reserved 1073152K
  class space    used 3198K, capacity 3538K, committed 3584K, reserved 1048576K
}
Event: 6.578 GC heap before
{Heap before GC invocations=10 (full 1):
 PSYoungGen      total 96768K, used 93283K [0x00000000d5f00000, 0x00000000dd300000, 0x0000000100000000)
  eden space 88064K, 100% used [0x00000000d5f00000,0x00000000db500000,0x00000000db500000)
  from space 8704K, 59% used [0x00000000dbd00000,0x00000000dc218c70,0x00000000dc580000)
  to   space 8192K, 0% used [0x00000000db500000,0x00000000db500000,0x00000000dbd00000)
 ParOldGen       total 54784K, used 6787K [0x0000000081c00000, 0x0000000085180000, 0x00000000d5f00000)
  object space 54784K, 12% used [0x0000000081c00000,0x00000000822a0e30,0x0000000085180000)
 Metaspace       used 28620K, capacity 30890K, committed 31104K, reserved 1077248K
  class space    used 3818K, capacity 4207K, committed 4224K, reserved 1048576K
Event: 6.590 GC heap after
Heap after GC invocations=10 (full 1):
 PSYoungGen      total 96256K, used 8177K [0x00000000d5f00000, 0x00000000de580000, 0x0000000100000000)
  eden space 88064K, 0% used [0x00000000d5f00000,0x00000000d5f00000,0x00000000db500000)
  from space 8192K, 99% used [0x00000000db500000,0x00000000dbcfc680,0x00000000dbd00000)
  to   space 9728K, 0% used [0x00000000ddc00000,0x00000000ddc00000,0x00000000de580000)
 ParOldGen       total 54784K, used 8366K [0x0000000081c00000, 0x0000000085180000, 0x00000000d5f00000)
  object space 54784K, 15% used [0x0000000081c00000,0x000000008242b8a8,0x0000000085180000)
 Metaspace       used 28620K, capacity 30890K, committed 31104K, reserved 1077248K
  class space    used 3818K, capacity 4207K, committed 4224K, reserved 1048576K
}
Event: 7.717 GC heap before
{Heap before GC invocations=11 (full 1):
 PSYoungGen      total 96256K, used 75880K [0x00000000d5f00000, 0x00000000de580000, 0x0000000100000000)
  eden space 88064K, 76% used [0x00000000d5f00000,0x00000000da11daa8,0x00000000db500000)
  from space 8192K, 99% used [0x00000000db500000,0x00000000dbcfc680,0x00000000dbd00000)
  to   space 9728K, 0% used [0x00000000ddc00000,0x00000000ddc00000,0x00000000de580000)
 ParOldGen       total 54784K, used 8366K [0x0000000081c00000, 0x0000000085180000, 0x00000000d5f00000)
  object space 54784K, 15% used [0x0000000081c00000,0x000000008242b8a8,0x0000000085180000)
 Metaspace       used 33092K, capacity 35396K, committed 35496K, reserved 1079296K
  class space    used 4628K, capacity 5019K, committed 5032K, reserved 1048576K
Event: 7.729 GC heap after
Heap after GC invocations=11 (full 1):
 PSYoungGen      total 126976K, used 7814K [0x00000000d5f00000, 0x00000000de580000, 0x0000000100000000)
  eden space 117248K, 0% used [0x00000000d5f00000,0x00000000d5f00000,0x00000000dd180000)
  from space 9728K, 80% used [0x00000000ddc00000,0x00000000de3a1988,0x00000000de580000)
  to   space 10240K, 0% used [0x00000000dd180000,0x00000000dd180000,0x00000000ddb80000)
 ParOldGen       total 54784K, used 9676K [0x0000000081c00000, 0x0000000085180000, 0x00000000d5f00000)
  object space 54784K, 17% used [0x0000000081c00000,0x0000000082573258,0x0000000085180000)
 Metaspace       used 33092K, capacity 35396K, committed 35496K, reserved 1079296K
  class space    used 4628K, capacity 5019K, committed 5032K, reserved 1048576K
}
Event: 7.729 GC heap before
{Heap before GC invocations=12 (full 2):
 PSYoungGen      total 126976K, used 7814K [0x00000000d5f00000, 0x00000000de580000, 0x0000000100000000)
  eden space 117248K, 0% used [0x00000000d5f00000,0x00000000d5f00000,0x00000000dd180000)
  from space 9728K, 80% used [0x00000000ddc00000,0x00000000de3a1988,0x00000000de580000)
  to   space 10240K, 0% used [0x00000000dd180000,0x00000000dd180000,0x00000000ddb80000)
 ParOldGen       total 54784K, used 9676K [0x0000000081c00000, 0x0000000085180000, 0x00000000d5f00000)
  object space 54784K, 17% used [0x0000000081c00000,0x0000000082573258,0x0000000085180000)
 Metaspace       used 33092K, capacity 35396K, committed 35496K, reserved 1079296K
  class space    used 4628K, capacity 5019K, committed 5032K, reserved 1048576K
Event: 7.819 GC heap after
Heap after GC invocations=12 (full 2):
 PSYoungGen      total 126976K, used 0K [0x00000000d5f00000, 0x00000000de580000, 0x0000000100000000)
  eden space 117248K, 0% used [0x00000000d5f00000,0x00000000d5f00000,0x00000000dd180000)
  from space 9728K, 0% used [0x00000000ddc00000,0x00000000ddc00000,0x00000000de580000)
  to   space 10240K, 0% used [0x00000000dd180000,0x00000000dd180000,0x00000000ddb80000)
 ParOldGen       total 87552K, used 14250K [0x0000000081c00000, 0x0000000087180000, 0x00000000d5f00000)
  object space 87552K, 16% used [0x0000000081c00000,0x00000000829ea9b8,0x0000000087180000)
 Metaspace       used 33092K, capacity 35396K, committed 35496K, reserved 1079296K
  class space    used 4628K, capacity 5019K, committed 5032K, reserved 1048576K
}
Event: 9.933 GC heap before
{Heap before GC invocations=13 (full 2):
 PSYoungGen      total 126976K, used 117248K [0x00000000d5f00000, 0x00000000de580000, 0x0000000100000000)
  eden space 117248K, 100% used [0x00000000d5f00000,0x00000000dd180000,0x00000000dd180000)
  from space 9728K, 0% used [0x00000000ddc00000,0x00000000ddc00000,0x00000000de580000)
  to   space 10240K, 0% used [0x00000000dd180000,0x00000000dd180000,0x00000000ddb80000)
 ParOldGen       total 87552K, used 14250K [0x0000000081c00000, 0x0000000087180000, 0x00000000d5f00000)
  object space 87552K, 16% used [0x0000000081c00000,0x00000000829ea9b8,0x0000000087180000)
 Metaspace       used 39099K, capacity 41862K, committed 42024K, reserved 1085440K
  class space    used 5640K, capacity 6110K, committed 6184K, reserved 1048576K
Event: 9.949 GC heap after
Heap after GC invocations=13 (full 2):
 PSYoungGen      total 127488K, used 7508K [0x00000000d5f00000, 0x00000000e0300000, 0x0000000100000000)
  eden space 117248K, 0% used [0x00000000d5f00000,0x00000000d5f00000,0x00000000dd180000)
  from space 10240K, 73% used [0x00000000dd180000,0x00000000dd8d5278,0x00000000ddb80000)
  to   space 10240K, 0% used [0x00000000df900000,0x00000000df900000,0x00000000e0300000)
 ParOldGen       total 87552K, used 14250K [0x0000000081c00000, 0x0000000087180000, 0x00000000d5f00000)
  object space 87552K, 16% used [0x0000000081c00000,0x00000000829ea9b8,0x0000000087180000)
 Metaspace       used 39099K, capacity 41862K, committed 42024K, reserved 1085440K
  class space    used 5640K, capacity 6110K, committed 6184K, reserved 1048576K
}

