# JRE version: Java(TM) SE Runtime Environment (8.0_25-b18) (build 1.8.0_25-b18)
# Java VM: Java HotSpot(TM) 64-Bit Server VM (25.25-b02 mixed mode windows-amd64 compressed oops)
Heap:
 PSYoungGen      total 188928K, used 28371K [0x00000000d5f00000, 0x00000000e5600000, 0x0000000100000000)
  eden space 177152K, 9% used [0x00000000d5f00000,0x00000000d6f3aab0,0x00000000e0c00000)
  from space 11776K, 99% used [0x00000000e0c00000,0x00000000e177a3c8,0x00000000e1780000)
  to   space 14336K, 0% used [0x00000000e4800000,0x00000000e4800000,0x00000000e5600000)
 ParOldGen       total 88576K, used 20742K [0x0000000081c00000, 0x0000000087280000, 0x00000000d5f00000)
  object space 88576K, 23% used [0x0000000081c00000,0x0000000083041ac8,0x0000000087280000)
 Metaspace       used 46226K, capacity 49132K, committed 49320K, reserved 1091584K
  class space    used 6525K, capacity 7011K, committed 7080K, reserved 1048576K
GC Heap History (10 events):
Event: 4.920 GC heap before
{Heap before GC invocations=7 (full 1):
 PSYoungGen      total 71680K, used 66560K [0x00000000d5f00000, 0x00000000df100000, 0x0000000100000000)
  eden space 66560K, 100% used [0x00000000d5f00000,0x00000000da000000,0x00000000da000000)
  from space 5120K, 0% used [0x00000000da000000,0x00000000da000000,0x00000000da500000)
  to   space 8192K, 0% used [0x00000000de900000,0x00000000de900000,0x00000000df100000)
 ParOldGen       total 52736K, used 6330K [0x0000000081c00000, 0x0000000084f80000, 0x00000000d5f00000)
  object space 52736K, 12% used [0x0000000081c00000,0x000000008222e9e8,0x0000000084f80000)
 Metaspace       used 23195K, capacity 24952K, committed 25216K, reserved 1071104K
  class space    used 3074K, capacity 3408K, committed 3456K, reserved 1048576K
Event: 4.929 GC heap after
Heap after GC invocations=7 (full 1):
 PSYoungGen      total 116736K, used 6105K [0x00000000d5f00000, 0x00000000def00000, 0x0000000100000000)
  eden space 110592K, 0% used [0x00000000d5f00000,0x00000000d5f00000,0x00000000dcb00000)
  from space 6144K, 99% used [0x00000000de900000,0x00000000deef6580,0x00000000def00000)
  to   space 8192K, 0% used [0x00000000ddf00000,0x00000000ddf00000,0x00000000de700000)
 ParOldGen       total 52736K, used 6338K [0x0000000081c00000, 0x0000000084f80000, 0x00000000d5f00000)
  object space 52736K, 12% used [0x0000000081c00000,0x00000000822309e8,0x0000000084f80000)
 Metaspace       used 23195K, capacity 24952K, committed 25216K, reserved 1071104K
  class space    used 3074K, capacity 3408K, committed 3456K, reserved 1048576K
}
Event: 6.060 GC heap before
{Heap before GC invocations=8 (full 1):
 PSYoungGen      total 116736K, used 116697K [0x00000000d5f00000, 0x00000000def00000, 0x0000000100000000)
  eden space 110592K, 100% used [0x00000000d5f00000,0x00000000dcb00000,0x00000000dcb00000)
  from space 6144K, 99% used [0x00000000de900000,0x00000000deef6580,0x00000000def00000)
  to   space 8192K, 0% used [0x00000000ddf00000,0x00000000ddf00000,0x00000000de700000)
 ParOldGen       total 52736K, used 6338K [0x0000000081c00000, 0x0000000084f80000, 0x00000000d5f00000)
  object space 52736K, 12% used [0x0000000081c00000,0x00000000822309e8,0x0000000084f80000)
 Metaspace       used 25086K, capacity 27022K, committed 27264K, reserved 1073152K
  class space    used 3294K, capacity 3643K, committed 3712K, reserved 1048576K
Event: 6.076 GC heap after
Heap after GC invocations=8 (full 1):
 PSYoungGen      total 139264K, used 7222K [0x00000000d5f00000, 0x00000000e2000000, 0x0000000100000000)
  eden space 131072K, 0% used [0x00000000d5f00000,0x00000000d5f00000,0x00000000ddf00000)
  from space 8192K, 88% used [0x00000000ddf00000,0x00000000de60daf0,0x00000000de700000)
  to   space 8704K, 0% used [0x00000000e1780000,0x00000000e1780000,0x00000000e2000000)
 ParOldGen       total 52736K, used 6338K [0x0000000081c00000, 0x0000000084f80000, 0x00000000d5f00000)
  object space 52736K, 12% used [0x0000000081c00000,0x00000000822309e8,0x0000000084f80000)
 Metaspace       used 25086K, capacity 27022K, committed 27264K, reserved 1073152K
  class space    used 3294K, capacity 3643K, committed 3712K, reserved 1048576K
}
Event: 8.471 GC heap before
{Heap before GC invocations=9 (full 1):
 PSYoungGen      total 139264K, used 137045K [0x00000000d5f00000, 0x00000000e2000000, 0x0000000100000000)
  eden space 131072K, 99% used [0x00000000d5f00000,0x00000000dddc7af0,0x00000000ddf00000)
  from space 8192K, 88% used [0x00000000ddf00000,0x00000000de60daf0,0x00000000de700000)
  to   space 8704K, 0% used [0x00000000e1780000,0x00000000e1780000,0x00000000e2000000)
 ParOldGen       total 52736K, used 6338K [0x0000000081c00000, 0x0000000084f80000, 0x00000000d5f00000)
  object space 52736K, 12% used [0x0000000081c00000,0x00000000822309e8,0x0000000084f80000)
 Metaspace       used 33021K, capacity 35396K, committed 35496K, reserved 1079296K
  class space    used 4602K, capacity 5011K, committed 5032K, reserved 1048576K
Event: 8.487 GC heap after
Heap after GC invocations=9 (full 1):
 PSYoungGen      total 185856K, used 8679K [0x00000000d5f00000, 0x00000000e4080000, 0x0000000100000000)
  eden space 177152K, 0% used [0x00000000d5f00000,0x00000000d5f00000,0x00000000e0c00000)
  from space 8704K, 99% used [0x00000000e1780000,0x00000000e1ff9f28,0x00000000e2000000)
  to   space 11776K, 0% used [0x00000000e0c00000,0x00000000e0c00000,0x00000000e1780000)
 ParOldGen       total 52736K, used 10937K [0x0000000081c00000, 0x0000000084f80000, 0x00000000d5f00000)
  object space 52736K, 20% used [0x0000000081c00000,0x00000000826ae690,0x0000000084f80000)
 Metaspace       used 33021K, capacity 35396K, committed 35496K, reserved 1079296K
  class space    used 4602K, capacity 5011K, committed 5032K, reserved 1048576K
}
Event: 8.487 GC heap before
{Heap before GC invocations=10 (full 2):
 PSYoungGen      total 185856K, used 8679K [0x00000000d5f00000, 0x00000000e4080000, 0x0000000100000000)
  eden space 177152K, 0% used [0x00000000d5f00000,0x00000000d5f00000,0x00000000e0c00000)
  from space 8704K, 99% used [0x00000000e1780000,0x00000000e1ff9f28,0x00000000e2000000)
  to   space 11776K, 0% used [0x00000000e0c00000,0x00000000e0c00000,0x00000000e1780000)
 ParOldGen       total 52736K, used 10937K [0x0000000081c00000, 0x0000000084f80000, 0x00000000d5f00000)
  object space 52736K, 20% used [0x0000000081c00000,0x00000000826ae690,0x0000000084f80000)
 Metaspace       used 33021K, capacity 35396K, committed 35496K, reserved 1079296K
  class space    used 4602K, capacity 5011K, committed 5032K, reserved 1048576K
Event: 8.591 GC heap after
Heap after GC invocations=10 (full 2):
 PSYoungGen      total 185856K, used 0K [0x00000000d5f00000, 0x00000000e4080000, 0x0000000100000000)
  eden space 177152K, 0% used [0x00000000d5f00000,0x00000000d5f00000,0x00000000e0c00000)
  from space 8704K, 0% used [0x00000000e1780000,0x00000000e1780000,0x00000000e2000000)
  to   space 11776K, 0% used [0x00000000e0c00000,0x00000000e0c00000,0x00000000e1780000)
 ParOldGen       total 88576K, used 17477K [0x0000000081c00000, 0x0000000087280000, 0x00000000d5f00000)
  object space 88576K, 19% used [0x0000000081c00000,0x0000000082d11690,0x0000000087280000)
 Metaspace       used 33021K, capacity 35396K, committed 35496K, reserved 1079296K
  class space    used 4602K, capacity 5011K, committed 5032K, reserved 1048576K
}
Event: 13.274 GC heap before
{Heap before GC invocations=11 (full 2):
 PSYoungGen      total 185856K, used 177152K [0x00000000d5f00000, 0x00000000e4080000, 0x0000000100000000)
  eden space 177152K, 100% used [0x00000000d5f00000,0x00000000e0c00000,0x00000000e0c00000)
  from space 8704K, 0% used [0x00000000e1780000,0x00000000e1780000,0x00000000e2000000)
  to   space 11776K, 0% used [0x00000000e0c00000,0x00000000e0c00000,0x00000000e1780000)
 ParOldGen       total 88576K, used 17477K [0x0000000081c00000, 0x0000000087280000, 0x00000000d5f00000)
  object space 88576K, 19% used [0x0000000081c00000,0x0000000082d11690,0x0000000087280000)
 Metaspace       used 45453K, capacity 48314K, committed 48680K, reserved 1091584K
  class space    used 6416K, capacity 6912K, committed 6952K, reserved 1048576K
Event: 13.299 GC heap after
Heap after GC invocations=11 (full 2):
 PSYoungGen      total 188928K, used 11752K [0x00000000d5f00000, 0x00000000e5600000, 0x0000000100000000)
  eden space 177152K, 0% used [0x00000000d5f00000,0x00000000d5f00000,0x00000000e0c00000)
  from space 11776K, 99% used [0x00000000e0c00000,0x00000000e177a3c8,0x00000000e1780000)
  to   space 14336K, 0% used [0x00000000e4800000,0x00000000e4800000,0x00000000e5600000)
 ParOldGen       total 88576K, used 20742K [0x0000000081c00000, 0x0000000087280000, 0x00000000d5f00000)
  object space 88576K, 23% used [0x0000000081c00000,0x0000000083041ac8,0x0000000087280000)
 Metaspace       used 45453K, capacity 48314K, committed 48680K, reserved 1091584K
  class space    used 6416K, capacity 6912K, committed 6952K, reserved 1048576K
}

