# JRE version: Java(TM) SE Runtime Environment (8.0_25-b18) (build 1.8.0_25-b18)
# Java VM: Java HotSpot(TM) 64-Bit Server VM (25.25-b02 mixed mode windows-amd64 compressed oops)
Heap:
 PSYoungGen      total 166400K, used 32546K [0x00000000d5f00000, 0x00000000e1100000, 0x0000000100000000)
  eden space 155648K, 14% used [0x00000000d5f00000,0x00000000d7449ec8,0x00000000df700000)
  from space 10752K, 99% used [0x00000000e0400000,0x00000000e0e7ea00,0x00000000e0e80000)
  to   space 13312K, 0% used [0x00000000df700000,0x00000000df700000,0x00000000e0400000)
 ParOldGen       total 84992K, used 17497K [0x0000000081c00000, 0x0000000086f00000, 0x00000000d5f00000)
  object space 84992K, 20% used [0x0000000081c00000,0x0000000082d16628,0x0000000086f00000)
 Metaspace       used 51291K, capacity 54326K, committed 54440K, reserved 1095680K
  class space    used 7227K, capacity 7750K, committed 7856K, reserved 1048576K
GC Heap History (10 events):
Event: 7.759 GC heap before
{Heap before GC invocations=10 (full 1):
 PSYoungGen      total 98816K, used 96281K [0x00000000d5f00000, 0x00000000dd580000, 0x0000000100000000)
  eden space 90624K, 100% used [0x00000000d5f00000,0x00000000db780000,0x00000000db780000)
  from space 8192K, 69% used [0x00000000dbf80000,0x00000000dc5064f8,0x00000000dc780000)
  to   space 8192K, 0% used [0x00000000db780000,0x00000000db780000,0x00000000dbf80000)
 ParOldGen       total 54784K, used 6534K [0x0000000081c00000, 0x0000000085180000, 0x00000000d5f00000)
  object space 54784K, 11% used [0x0000000081c00000,0x0000000082261818,0x0000000085180000)
 Metaspace       used 28925K, capacity 31198K, committed 31408K, reserved 1077248K
  class space    used 3870K, capacity 4263K, committed 4272K, reserved 1048576K
Event: 7.786 GC heap after
Heap after GC invocations=10 (full 1):
 PSYoungGen      total 98816K, used 8189K [0x00000000d5f00000, 0x00000000dec00000, 0x0000000100000000)
  eden space 90624K, 0% used [0x00000000d5f00000,0x00000000d5f00000,0x00000000db780000)
  from space 8192K, 99% used [0x00000000db780000,0x00000000dbf7f540,0x00000000dbf80000)
  to   space 9728K, 0% used [0x00000000de280000,0x00000000de280000,0x00000000dec00000)
 ParOldGen       total 54784K, used 8447K [0x0000000081c00000, 0x0000000085180000, 0x00000000d5f00000)
  object space 54784K, 15% used [0x0000000081c00000,0x000000008243fca8,0x0000000085180000)
 Metaspace       used 28925K, capacity 31198K, committed 31408K, reserved 1077248K
  class space    used 3870K, capacity 4263K, committed 4272K, reserved 1048576K
}
Event: 8.847 GC heap before
{Heap before GC invocations=11 (full 1):
 PSYoungGen      total 98816K, used 70547K [0x00000000d5f00000, 0x00000000dec00000, 0x0000000100000000)
  eden space 90624K, 68% used [0x00000000d5f00000,0x00000000d9be5858,0x00000000db780000)
  from space 8192K, 99% used [0x00000000db780000,0x00000000dbf7f540,0x00000000dbf80000)
  to   space 9728K, 0% used [0x00000000de280000,0x00000000de280000,0x00000000dec00000)
 ParOldGen       total 54784K, used 8447K [0x0000000081c00000, 0x0000000085180000, 0x00000000d5f00000)
  object space 54784K, 15% used [0x0000000081c00000,0x000000008243fca8,0x0000000085180000)
 Metaspace       used 33078K, capacity 35396K, committed 35496K, reserved 1079296K
  class space    used 4625K, capacity 5017K, committed 5040K, reserved 1048576K
Event: 8.860 GC heap after
Heap after GC invocations=11 (full 1):
 PSYoungGen      total 132608K, used 7530K [0x00000000d5f00000, 0x00000000deb80000, 0x0000000100000000)
  eden space 123392K, 0% used [0x00000000d5f00000,0x00000000d5f00000,0x00000000dd780000)
  from space 9216K, 81% used [0x00000000de280000,0x00000000de9daa18,0x00000000deb80000)
  to   space 10240K, 0% used [0x00000000dd780000,0x00000000dd780000,0x00000000de180000)
 ParOldGen       total 54784K, used 9997K [0x0000000081c00000, 0x0000000085180000, 0x00000000d5f00000)
  object space 54784K, 18% used [0x0000000081c00000,0x00000000825c3658,0x0000000085180000)
 Metaspace       used 33078K, capacity 35396K, committed 35496K, reserved 1079296K
  class space    used 4625K, capacity 5017K, committed 5040K, reserved 1048576K
}
Event: 8.860 GC heap before
{Heap before GC invocations=12 (full 2):
 PSYoungGen      total 132608K, used 7530K [0x00000000d5f00000, 0x00000000deb80000, 0x0000000100000000)
  eden space 123392K, 0% used [0x00000000d5f00000,0x00000000d5f00000,0x00000000dd780000)
  from space 9216K, 81% used [0x00000000de280000,0x00000000de9daa18,0x00000000deb80000)
  to   space 10240K, 0% used [0x00000000dd780000,0x00000000dd780000,0x00000000de180000)
 ParOldGen       total 54784K, used 9997K [0x0000000081c00000, 0x0000000085180000, 0x00000000d5f00000)
  object space 54784K, 18% used [0x0000000081c00000,0x00000000825c3658,0x0000000085180000)
 Metaspace       used 33078K, capacity 35396K, committed 35496K, reserved 1079296K
  class space    used 4625K, capacity 5017K, committed 5040K, reserved 1048576K
Event: 8.959 GC heap after
Heap after GC invocations=12 (full 2):
 PSYoungGen      total 132608K, used 0K [0x00000000d5f00000, 0x00000000deb80000, 0x0000000100000000)
  eden space 123392K, 0% used [0x00000000d5f00000,0x00000000d5f00000,0x00000000dd780000)
  from space 9216K, 0% used [0x00000000de280000,0x00000000de280000,0x00000000deb80000)
  to   space 10240K, 0% used [0x00000000dd780000,0x00000000dd780000,0x00000000de180000)
 ParOldGen       total 84992K, used 13975K [0x0000000081c00000, 0x0000000086f00000, 0x00000000d5f00000)
  object space 84992K, 16% used [0x0000000081c00000,0x00000000829a5c88,0x0000000086f00000)
 Metaspace       used 33078K, capacity 35396K, committed 35496K, reserved 1079296K
  class space    used 4625K, capacity 5017K, committed 5040K, reserved 1048576K
}
Event: 11.650 GC heap before
{Heap before GC invocations=13 (full 2):
 PSYoungGen      total 132608K, used 123392K [0x00000000d5f00000, 0x00000000deb80000, 0x0000000100000000)
  eden space 123392K, 100% used [0x00000000d5f00000,0x00000000dd780000,0x00000000dd780000)
  from space 9216K, 0% used [0x00000000de280000,0x00000000de280000,0x00000000deb80000)
  to   space 10240K, 0% used [0x00000000dd780000,0x00000000dd780000,0x00000000de180000)
 ParOldGen       total 84992K, used 13975K [0x0000000081c00000, 0x0000000086f00000, 0x00000000d5f00000)
  object space 84992K, 16% used [0x0000000081c00000,0x00000000829a5c88,0x0000000086f00000)
 Metaspace       used 39986K, capacity 42696K, committed 42920K, reserved 1085440K
  class space    used 5756K, capacity 6211K, committed 6320K, reserved 1048576K
Event: 11.671 GC heap after
Heap after GC invocations=13 (full 2):
 PSYoungGen      total 133632K, used 8754K [0x00000000d5f00000, 0x00000000e0e80000, 0x0000000100000000)
  eden space 123392K, 0% used [0x00000000d5f00000,0x00000000d5f00000,0x00000000dd780000)
  from space 10240K, 85% used [0x00000000dd780000,0x00000000de00c8d0,0x00000000de180000)
  to   space 10752K, 0% used [0x00000000e0400000,0x00000000e0400000,0x00000000e0e80000)
 ParOldGen       total 84992K, used 13983K [0x0000000081c00000, 0x0000000086f00000, 0x00000000d5f00000)
  object space 84992K, 16% used [0x0000000081c00000,0x00000000829a7c88,0x0000000086f00000)
 Metaspace       used 39986K, capacity 42696K, committed 42920K, reserved 1085440K
  class space    used 5756K, capacity 6211K, committed 6320K, reserved 1048576K
}
Event: 14.326 GC heap before
{Heap before GC invocations=14 (full 2):
 PSYoungGen      total 133632K, used 132146K [0x00000000d5f00000, 0x00000000e0e80000, 0x0000000100000000)
  eden space 123392K, 100% used [0x00000000d5f00000,0x00000000dd780000,0x00000000dd780000)
  from space 10240K, 85% used [0x00000000dd780000,0x00000000de00c8d0,0x00000000de180000)
  to   space 10752K, 0% used [0x00000000e0400000,0x00000000e0400000,0x00000000e0e80000)
 ParOldGen       total 84992K, used 13983K [0x0000000081c00000, 0x0000000086f00000, 0x00000000d5f00000)
  object space 84992K, 16% used [0x0000000081c00000,0x00000000829a7c88,0x0000000086f00000)
 Metaspace       used 50157K, capacity 53138K, committed 53160K, reserved 1095680K
  class space    used 7077K, capacity 7578K, committed 7600K, reserved 1048576K
Event: 14.345 GC heap after
Heap after GC invocations=14 (full 2):
 PSYoungGen      total 166400K, used 10746K [0x00000000d5f00000, 0x00000000e1100000, 0x0000000100000000)
  eden space 155648K, 0% used [0x00000000d5f00000,0x00000000d5f00000,0x00000000df700000)
  from space 10752K, 99% used [0x00000000e0400000,0x00000000e0e7ea00,0x00000000e0e80000)
  to   space 13312K, 0% used [0x00000000df700000,0x00000000df700000,0x00000000e0400000)
 ParOldGen       total 84992K, used 17497K [0x0000000081c00000, 0x0000000086f00000, 0x00000000d5f00000)
  object space 84992K, 20% used [0x0000000081c00000,0x0000000082d16628,0x0000000086f00000)
 Metaspace       used 50157K, capacity 53138K, committed 53160K, reserved 1095680K
  class space    used 7077K, capacity 7578K, committed 7600K, reserved 1048576K
}

