# JRE version: Java(TM) SE Runtime Environment (8.0_25-b18) (build 1.8.0_25-b18)
# Java VM: Java HotSpot(TM) 64-Bit Server VM (25.25-b02 mixed mode windows-amd64 compressed oops)
Heap:
 PSYoungGen      total 386048K, used 138418K [0x00000000d5f00000, 0x00000000f6100000, 0x0000000100000000)
  eden space 372736K, 37% used [0x00000000d5f00000,0x00000000de62c988,0x00000000ecb00000)
  from space 13312K, 0% used [0x00000000ecb00000,0x00000000ecb00000,0x00000000ed800000)
  to   space 12800K, 0% used [0x00000000f5480000,0x00000000f5480000,0x00000000f6100000)
 ParOldGen       total 108544K, used 19032K [0x0000000081c00000, 0x0000000088600000, 0x00000000d5f00000)
  object space 108544K, 17% used [0x0000000081c00000,0x0000000082e96118,0x0000000088600000)
 Metaspace       used 60200K, capacity 63231K, committed 63360K, reserved 1103872K
  class space    used 7516K, capacity 8019K, committed 8064K, reserved 1048576K
GC Heap History (10 events):
Event: 10.697 GC heap before
{Heap before GC invocations=12 (full 2):
 PSYoungGen      total 304640K, used 8172K [0x00000000d5f00000, 0x00000000eca80000, 0x0000000100000000)
  eden space 296448K, 0% used [0x00000000d5f00000,0x00000000d5f00000,0x00000000e8080000)
  from space 8192K, 99% used [0x00000000e8a00000,0x00000000e91fb158,0x00000000e9200000)
  to   space 9728K, 0% used [0x00000000e8080000,0x00000000e8080000,0x00000000e8a00000)
 ParOldGen       total 51200K, used 9397K [0x0000000081c00000, 0x0000000084e00000, 0x00000000d5f00000)
  object space 51200K, 18% used [0x0000000081c00000,0x000000008252d570,0x0000000084e00000)
 Metaspace       used 33157K, capacity 35441K, committed 35496K, reserved 1081344K
  class space    used 3976K, capacity 4352K, committed 4352K, reserved 1048576K
Event: 10.769 GC heap after
Heap after GC invocations=12 (full 2):
 PSYoungGen      total 304640K, used 0K [0x00000000d5f00000, 0x00000000eca80000, 0x0000000100000000)
  eden space 296448K, 0% used [0x00000000d5f00000,0x00000000d5f00000,0x00000000e8080000)
  from space 8192K, 0% used [0x00000000e8a00000,0x00000000e8a00000,0x00000000e9200000)
  to   space 9728K, 0% used [0x00000000e8080000,0x00000000e8080000,0x00000000e8a00000)
 ParOldGen       total 83456K, used 14151K [0x0000000081c00000, 0x0000000086d80000, 0x00000000d5f00000)
  object space 83456K, 16% used [0x0000000081c00000,0x00000000829d1fa8,0x0000000086d80000)
 Metaspace       used 33157K, capacity 35441K, committed 35496K, reserved 1081344K
  class space    used 3976K, capacity 4352K, committed 4352K, reserved 1048576K
}
Event: 16.508 GC heap before
{Heap before GC invocations=13 (full 2):
 PSYoungGen      total 304640K, used 296448K [0x00000000d5f00000, 0x00000000eca80000, 0x0000000100000000)
  eden space 296448K, 100% used [0x00000000d5f00000,0x00000000e8080000,0x00000000e8080000)
  from space 8192K, 0% used [0x00000000e8a00000,0x00000000e8a00000,0x00000000e9200000)
  to   space 9728K, 0% used [0x00000000e8080000,0x00000000e8080000,0x00000000e8a00000)
 ParOldGen       total 83456K, used 14151K [0x0000000081c00000, 0x0000000086d80000, 0x00000000d5f00000)
  object space 83456K, 16% used [0x0000000081c00000,0x00000000829d1fa8,0x0000000086d80000)
 Metaspace       used 43884K, capacity 46591K, committed 46720K, reserved 1089536K
  class space    used 5559K, capacity 6007K, committed 6016K, reserved 1048576K
Event: 16.540 GC heap after
Heap after GC invocations=13 (full 2):
 PSYoungGen      total 306176K, used 9716K [0x00000000d5f00000, 0x00000000ee580000, 0x0000000100000000)
  eden space 296448K, 0% used [0x00000000d5f00000,0x00000000d5f00000,0x00000000e8080000)
  from space 9728K, 99% used [0x00000000e8080000,0x00000000e89fd058,0x00000000e8a00000)
  to   space 11776K, 0% used [0x00000000eda00000,0x00000000eda00000,0x00000000ee580000)
 ParOldGen       total 83456K, used 16289K [0x0000000081c00000, 0x0000000086d80000, 0x00000000d5f00000)
  object space 83456K, 19% used [0x0000000081c00000,0x0000000082be8518,0x0000000086d80000)
 Metaspace       used 43884K, capacity 46591K, committed 46720K, reserved 1089536K
  class space    used 5559K, capacity 6007K, committed 6016K, reserved 1048576K
}
Event: 20.670 GC heap before
{Heap before GC invocations=14 (full 2):
 PSYoungGen      total 306176K, used 306164K [0x00000000d5f00000, 0x00000000ee580000, 0x0000000100000000)
  eden space 296448K, 100% used [0x00000000d5f00000,0x00000000e8080000,0x00000000e8080000)
  from space 9728K, 99% used [0x00000000e8080000,0x00000000e89fd058,0x00000000e8a00000)
  to   space 11776K, 0% used [0x00000000eda00000,0x00000000eda00000,0x00000000ee580000)
 ParOldGen       total 83456K, used 16289K [0x0000000081c00000, 0x0000000086d80000, 0x00000000d5f00000)
  object space 83456K, 19% used [0x0000000081c00000,0x0000000082be8518,0x0000000086d80000)
 Metaspace       used 55474K, capacity 58339K, committed 58624K, reserved 1099776K
  class space    used 6931K, capacity 7393K, committed 7424K, reserved 1048576K
Event: 20.696 GC heap after
Heap after GC invocations=14 (full 2):
 PSYoungGen      total 382976K, used 11263K [0x00000000d5f00000, 0x00000000ee500000, 0x0000000100000000)
  eden space 371712K, 0% used [0x00000000d5f00000,0x00000000d5f00000,0x00000000eca00000)
  from space 11264K, 99% used [0x00000000eda00000,0x00000000ee4fff68,0x00000000ee500000)
  to   space 13312K, 0% used [0x00000000ecb00000,0x00000000ecb00000,0x00000000ed800000)
 ParOldGen       total 83456K, used 20479K [0x0000000081c00000, 0x0000000086d80000, 0x00000000d5f00000)
  object space 83456K, 24% used [0x0000000081c00000,0x0000000082fffd38,0x0000000086d80000)
 Metaspace       used 55474K, capacity 58339K, committed 58624K, reserved 1099776K
  class space    used 6931K, capacity 7393K, committed 7424K, reserved 1048576K
}
Event: 20.971 GC heap before
{Heap before GC invocations=15 (full 2):
 PSYoungGen      total 382976K, used 37943K [0x00000000d5f00000, 0x00000000ee500000, 0x0000000100000000)
  eden space 371712K, 7% used [0x00000000d5f00000,0x00000000d790df90,0x00000000eca00000)
  from space 11264K, 99% used [0x00000000eda00000,0x00000000ee4fff68,0x00000000ee500000)
  to   space 13312K, 0% used [0x00000000ecb00000,0x00000000ecb00000,0x00000000ed800000)
 ParOldGen       total 83456K, used 20479K [0x0000000081c00000, 0x0000000086d80000, 0x00000000d5f00000)
  object space 83456K, 24% used [0x0000000081c00000,0x0000000082fffd38,0x0000000086d80000)
 Metaspace       used 56173K, capacity 59027K, committed 59160K, reserved 1101824K
  class space    used 7051K, capacity 7529K, committed 7552K, reserved 1048576K
Event: 20.983 GC heap after
Heap after GC invocations=15 (full 2):
 PSYoungGen      total 386048K, used 5219K [0x00000000d5f00000, 0x00000000f6100000, 0x0000000100000000)
  eden space 372736K, 0% used [0x00000000d5f00000,0x00000000d5f00000,0x00000000ecb00000)
  from space 13312K, 39% used [0x00000000ecb00000,0x00000000ed018df8,0x00000000ed800000)
  to   space 12800K, 0% used [0x00000000f5480000,0x00000000f5480000,0x00000000f6100000)
 ParOldGen       total 83456K, used 20487K [0x0000000081c00000, 0x0000000086d80000, 0x00000000d5f00000)
  object space 83456K, 24% used [0x0000000081c00000,0x0000000083001d38,0x0000000086d80000)
 Metaspace       used 56173K, capacity 59027K, committed 59160K, reserved 1101824K
  class space    used 7051K, capacity 7529K, committed 7552K, reserved 1048576K
}
Event: 20.984 GC heap before
{Heap before GC invocations=16 (full 3):
 PSYoungGen      total 386048K, used 5219K [0x00000000d5f00000, 0x00000000f6100000, 0x0000000100000000)
  eden space 372736K, 0% used [0x00000000d5f00000,0x00000000d5f00000,0x00000000ecb00000)
  from space 13312K, 39% used [0x00000000ecb00000,0x00000000ed018df8,0x00000000ed800000)
  to   space 12800K, 0% used [0x00000000f5480000,0x00000000f5480000,0x00000000f6100000)
 ParOldGen       total 83456K, used 20487K [0x0000000081c00000, 0x0000000086d80000, 0x00000000d5f00000)
  object space 83456K, 24% used [0x0000000081c00000,0x0000000083001d38,0x0000000086d80000)
 Metaspace       used 56173K, capacity 59027K, committed 59160K, reserved 1101824K
  class space    used 7051K, capacity 7529K, committed 7552K, reserved 1048576K
Event: 21.162 GC heap after
Heap after GC invocations=16 (full 3):
 PSYoungGen      total 386048K, used 0K [0x00000000d5f00000, 0x00000000f6100000, 0x0000000100000000)
  eden space 372736K, 0% used [0x00000000d5f00000,0x00000000d5f00000,0x00000000ecb00000)
  from space 13312K, 0% used [0x00000000ecb00000,0x00000000ecb00000,0x00000000ed800000)
  to   space 12800K, 0% used [0x00000000f5480000,0x00000000f5480000,0x00000000f6100000)
 ParOldGen       total 108544K, used 19032K [0x0000000081c00000, 0x0000000088600000, 0x00000000d5f00000)
  object space 108544K, 17% used [0x0000000081c00000,0x0000000082e96118,0x0000000088600000)
 Metaspace       used 56137K, capacity 58971K, committed 59160K, reserved 1101824K
  class space    used 7045K, capacity 7519K, committed 7552K, reserved 1048576K
}

