# JRE version: Java(TM) SE Runtime Environment (8.0_25-b18) (build 1.8.0_25-b18)
# Java VM: Java HotSpot(TM) 64-Bit Server VM (25.25-b02 mixed mode windows-amd64 compressed oops)
Heap:
 PSYoungGen      total 410112K, used 77259K [0x00000000d5f00000, 0x00000000f0300000, 0x0000000100000000)
  eden space 395776K, 19% used [0x00000000d5f00000,0x00000000daa72de0,0x00000000ee180000)
  from space 14336K, 0% used [0x00000000ef200000,0x00000000ef200000,0x00000000f0000000)
  to   space 16896K, 0% used [0x00000000ee180000,0x00000000ee180000,0x00000000ef200000)
 ParOldGen       total 134656K, used 25127K [0x0000000081c00000, 0x0000000089f80000, 0x00000000d5f00000)
  object space 134656K, 18% used [0x0000000081c00000,0x0000000083489ca0,0x0000000089f80000)
 Metaspace       used 58264K, capacity 61193K, committed 61568K, reserved 1103872K
  class space    used 7329K, capacity 7798K, committed 7808K, reserved 1048576K
GC Heap History (10 events):
Event: 14.558 GC heap before
{Heap before GC invocations=9 (full 1):
 PSYoungGen      total 270848K, used 159238K [0x00000000d5f00000, 0x00000000eb480000, 0x0000000100000000)
  eden space 262656K, 57% used [0x00000000d5f00000,0x00000000df285d88,0x00000000e5f80000)
  from space 8192K, 99% used [0x00000000e5f80000,0x00000000e677bdd0,0x00000000e6780000)
  to   space 10240K, 0% used [0x00000000eaa80000,0x00000000eaa80000,0x00000000eb480000)
 ParOldGen       total 57344K, used 9634K [0x0000000081c00000, 0x0000000085400000, 0x00000000d5f00000)
  object space 57344K, 16% used [0x0000000081c00000,0x0000000082568930,0x0000000085400000)
 Metaspace       used 33162K, capacity 35373K, committed 35496K, reserved 1081344K
  class space    used 3978K, capacity 4352K, committed 4352K, reserved 1048576K
Event: 14.590 GC heap after
Heap after GC invocations=9 (full 1):
 PSYoungGen      total 337920K, used 10023K [0x00000000d5f00000, 0x00000000f0480000, 0x0000000100000000)
  eden space 327680K, 0% used [0x00000000d5f00000,0x00000000d5f00000,0x00000000e9f00000)
  from space 10240K, 97% used [0x00000000eaa80000,0x00000000eb449ca8,0x00000000eb480000)
  to   space 11776K, 0% used [0x00000000e9f00000,0x00000000e9f00000,0x00000000eaa80000)
 ParOldGen       total 57344K, used 9642K [0x0000000081c00000, 0x0000000085400000, 0x00000000d5f00000)
  object space 57344K, 16% used [0x0000000081c00000,0x000000008256a930,0x0000000085400000)
 Metaspace       used 33162K, capacity 35373K, committed 35496K, reserved 1081344K
  class space    used 3978K, capacity 4352K, committed 4352K, reserved 1048576K
}
Event: 14.590 GC heap before
{Heap before GC invocations=10 (full 2):
 PSYoungGen      total 337920K, used 10023K [0x00000000d5f00000, 0x00000000f0480000, 0x0000000100000000)
  eden space 327680K, 0% used [0x00000000d5f00000,0x00000000d5f00000,0x00000000e9f00000)
  from space 10240K, 97% used [0x00000000eaa80000,0x00000000eb449ca8,0x00000000eb480000)
  to   space 11776K, 0% used [0x00000000e9f00000,0x00000000e9f00000,0x00000000eaa80000)
 ParOldGen       total 57344K, used 9642K [0x0000000081c00000, 0x0000000085400000, 0x00000000d5f00000)
  object space 57344K, 16% used [0x0000000081c00000,0x000000008256a930,0x0000000085400000)
 Metaspace       used 33162K, capacity 35373K, committed 35496K, reserved 1081344K
  class space    used 3978K, capacity 4352K, committed 4352K, reserved 1048576K
Event: 14.740 GC heap after
Heap after GC invocations=10 (full 2):
 PSYoungGen      total 337920K, used 0K [0x00000000d5f00000, 0x00000000f0480000, 0x0000000100000000)
  eden space 327680K, 0% used [0x00000000d5f00000,0x00000000d5f00000,0x00000000e9f00000)
  from space 10240K, 0% used [0x00000000eaa80000,0x00000000eaa80000,0x00000000eb480000)
  to   space 11776K, 0% used [0x00000000e9f00000,0x00000000e9f00000,0x00000000eaa80000)
 ParOldGen       total 92672K, used 14593K [0x0000000081c00000, 0x0000000087680000, 0x00000000d5f00000)
  object space 92672K, 15% used [0x0000000081c00000,0x0000000082a40708,0x0000000087680000)
 Metaspace       used 33162K, capacity 35373K, committed 35496K, reserved 1081344K
  class space    used 3978K, capacity 4352K, committed 4352K, reserved 1048576K
}
Event: 21.830 GC heap before
{Heap before GC invocations=11 (full 2):
 PSYoungGen      total 337920K, used 327680K [0x00000000d5f00000, 0x00000000f0480000, 0x0000000100000000)
  eden space 327680K, 100% used [0x00000000d5f00000,0x00000000e9f00000,0x00000000e9f00000)
  from space 10240K, 0% used [0x00000000eaa80000,0x00000000eaa80000,0x00000000eb480000)
  to   space 11776K, 0% used [0x00000000e9f00000,0x00000000e9f00000,0x00000000eaa80000)
 ParOldGen       total 92672K, used 14593K [0x0000000081c00000, 0x0000000087680000, 0x00000000d5f00000)
  object space 92672K, 15% used [0x0000000081c00000,0x0000000082a40708,0x0000000087680000)
 Metaspace       used 44906K, capacity 47633K, committed 48000K, reserved 1091584K
  class space    used 5755K, capacity 6206K, committed 6272K, reserved 1048576K
Event: 21.858 GC heap after
Heap after GC invocations=11 (full 2):
 PSYoungGen      total 339456K, used 11764K [0x00000000d5f00000, 0x00000000f0000000, 0x0000000100000000)
  eden space 327680K, 0% used [0x00000000d5f00000,0x00000000d5f00000,0x00000000e9f00000)
  from space 11776K, 99% used [0x00000000e9f00000,0x00000000eaa7d258,0x00000000eaa80000)
  to   space 14336K, 0% used [0x00000000ef200000,0x00000000ef200000,0x00000000f0000000)
 ParOldGen       total 92672K, used 16012K [0x0000000081c00000, 0x0000000087680000, 0x00000000d5f00000)
  object space 92672K, 17% used [0x0000000081c00000,0x0000000082ba3128,0x0000000087680000)
 Metaspace       used 44906K, capacity 47633K, committed 48000K, reserved 1091584K
  class space    used 5755K, capacity 6206K, committed 6272K, reserved 1048576K
}
Event: 27.033 GC heap before
{Heap before GC invocations=12 (full 2):
 PSYoungGen      total 339456K, used 305280K [0x00000000d5f00000, 0x00000000f0000000, 0x0000000100000000)
  eden space 327680K, 89% used [0x00000000d5f00000,0x00000000e7da2ed0,0x00000000e9f00000)
  from space 11776K, 99% used [0x00000000e9f00000,0x00000000eaa7d258,0x00000000eaa80000)
  to   space 14336K, 0% used [0x00000000ef200000,0x00000000ef200000,0x00000000f0000000)
 ParOldGen       total 92672K, used 16012K [0x0000000081c00000, 0x0000000087680000, 0x00000000d5f00000)
  object space 92672K, 17% used [0x0000000081c00000,0x0000000082ba3128,0x0000000087680000)
 Metaspace       used 56143K, capacity 59013K, committed 59160K, reserved 1101824K
  class space    used 7039K, capacity 7526K, committed 7552K, reserved 1048576K
Event: 27.080 GC heap after
Heap after GC invocations=12 (full 2):
 PSYoungGen      total 410112K, used 14306K [0x00000000d5f00000, 0x00000000f0300000, 0x0000000100000000)
  eden space 395776K, 0% used [0x00000000d5f00000,0x00000000d5f00000,0x00000000ee180000)
  from space 14336K, 99% used [0x00000000ef200000,0x00000000efff8b48,0x00000000f0000000)
  to   space 16896K, 0% used [0x00000000ee180000,0x00000000ee180000,0x00000000ef200000)
 ParOldGen       total 92672K, used 17327K [0x0000000081c00000, 0x0000000087680000, 0x00000000d5f00000)
  object space 92672K, 18% used [0x0000000081c00000,0x0000000082cebce8,0x0000000087680000)
 Metaspace       used 56143K, capacity 59013K, committed 59160K, reserved 1101824K
  class space    used 7039K, capacity 7526K, committed 7552K, reserved 1048576K
}
Event: 27.080 GC heap before
{Heap before GC invocations=13 (full 3):
 PSYoungGen      total 410112K, used 14306K [0x00000000d5f00000, 0x00000000f0300000, 0x0000000100000000)
  eden space 395776K, 0% used [0x00000000d5f00000,0x00000000d5f00000,0x00000000ee180000)
  from space 14336K, 99% used [0x00000000ef200000,0x00000000efff8b48,0x00000000f0000000)
  to   space 16896K, 0% used [0x00000000ee180000,0x00000000ee180000,0x00000000ef200000)
 ParOldGen       total 92672K, used 17327K [0x0000000081c00000, 0x0000000087680000, 0x00000000d5f00000)
  object space 92672K, 18% used [0x0000000081c00000,0x0000000082cebce8,0x0000000087680000)
 Metaspace       used 56143K, capacity 59013K, committed 59160K, reserved 1101824K
  class space    used 7039K, capacity 7526K, committed 7552K, reserved 1048576K
Event: 27.415 GC heap after
Heap after GC invocations=13 (full 3):
 PSYoungGen      total 410112K, used 0K [0x00000000d5f00000, 0x00000000f0300000, 0x0000000100000000)
  eden space 395776K, 0% used [0x00000000d5f00000,0x00000000d5f00000,0x00000000ee180000)
  from space 14336K, 0% used [0x00000000ef200000,0x00000000ef200000,0x00000000f0000000)
  to   space 16896K, 0% used [0x00000000ee180000,0x00000000ee180000,0x00000000ef200000)
 ParOldGen       total 134656K, used 25127K [0x0000000081c00000, 0x0000000089f80000, 0x00000000d5f00000)
  object space 134656K, 18% used [0x0000000081c00000,0x0000000083489ca0,0x0000000089f80000)
 Metaspace       used 56108K, capacity 58957K, committed 59160K, reserved 1101824K
  class space    used 7033K, capacity 7516K, committed 7552K, reserved 1048576K
}

