# JRE version: Java(TM) SE Runtime Environment (8.0_25-b18) (build 1.8.0_25-b18)
# Java VM: Java HotSpot(TM) 64-Bit Server VM (25.25-b02 mixed mode windows-amd64 compressed oops)
Heap:
 PSYoungGen      total 183296K, used 156535K [0x00000000d5f00000, 0x00000000e3c80000, 0x0000000100000000)
  eden space 175616K, 89% used [0x00000000d5f00000,0x00000000df7dddf0,0x00000000e0a80000)
  from space 7680K, 0% used [0x00000000e1500000,0x00000000e1500000,0x00000000e1c80000)
  to   space 10752K, 0% used [0x00000000e0a80000,0x00000000e0a80000,0x00000000e1500000)
 ParOldGen       total 90112K, used 17491K [0x0000000081c00000, 0x0000000087400000, 0x00000000d5f00000)
  object space 90112K, 19% used [0x0000000081c00000,0x0000000082d14da0,0x0000000087400000)
 Metaspace       used 44077K, capacity 46916K, committed 47144K, reserved 1089536K
  class space    used 6204K, capacity 6691K, committed 6704K, reserved 1048576K
GC Heap History (10 events):
Event: 5.513 GC heap before
{Heap before GC invocations=6 (full 1):
 PSYoungGen      total 71680K, used 5118K [0x00000000d5f00000, 0x00000000df100000, 0x0000000100000000)
  eden space 66560K, 0% used [0x00000000d5f00000,0x00000000d5f00000,0x00000000da000000)
  from space 5120K, 99% used [0x00000000da000000,0x00000000da4ffa50,0x00000000da500000)
  to   space 8192K, 0% used [0x00000000de900000,0x00000000de900000,0x00000000df100000)
 ParOldGen       total 87552K, used 4099K [0x0000000081c00000, 0x0000000087180000, 0x00000000d5f00000)
  object space 87552K, 4% used [0x0000000081c00000,0x0000000082000c40,0x0000000087180000)
 Metaspace       used 19691K, capacity 21250K, committed 21296K, reserved 1067008K
  class space    used 2563K, capacity 2849K, committed 2864K, reserved 1048576K
Event: 5.575 GC heap after
Heap after GC invocations=6 (full 1):
 PSYoungGen      total 71680K, used 0K [0x00000000d5f00000, 0x00000000df100000, 0x0000000100000000)
  eden space 66560K, 0% used [0x00000000d5f00000,0x00000000d5f00000,0x00000000da000000)
  from space 5120K, 0% used [0x00000000da000000,0x00000000da000000,0x00000000da500000)
  to   space 8192K, 0% used [0x00000000de900000,0x00000000de900000,0x00000000df100000)
 ParOldGen       total 53760K, used 6575K [0x0000000081c00000, 0x0000000085080000, 0x00000000d5f00000)
  object space 53760K, 12% used [0x0000000081c00000,0x000000008226bdc0,0x0000000085080000)
 Metaspace       used 19690K, capacity 21248K, committed 21296K, reserved 1067008K
  class space    used 2562K, capacity 2848K, committed 2864K, reserved 1048576K
}
Event: 6.213 GC heap before
{Heap before GC invocations=7 (full 1):
 PSYoungGen      total 71680K, used 66560K [0x00000000d5f00000, 0x00000000df100000, 0x0000000100000000)
  eden space 66560K, 100% used [0x00000000d5f00000,0x00000000da000000,0x00000000da000000)
  from space 5120K, 0% used [0x00000000da000000,0x00000000da000000,0x00000000da500000)
  to   space 8192K, 0% used [0x00000000de900000,0x00000000de900000,0x00000000df100000)
 ParOldGen       total 53760K, used 6575K [0x0000000081c00000, 0x0000000085080000, 0x00000000d5f00000)
  object space 53760K, 12% used [0x0000000081c00000,0x000000008226bdc0,0x0000000085080000)
 Metaspace       used 22958K, capacity 24636K, committed 24880K, reserved 1071104K
  class space    used 3032K, capacity 3350K, committed 3376K, reserved 1048576K
Event: 6.226 GC heap after
Heap after GC invocations=7 (full 1):
 PSYoungGen      total 116736K, used 5841K [0x00000000d5f00000, 0x00000000def00000, 0x0000000100000000)
  eden space 110592K, 0% used [0x00000000d5f00000,0x00000000d5f00000,0x00000000dcb00000)
  from space 6144K, 95% used [0x00000000de900000,0x00000000deeb4778,0x00000000def00000)
  to   space 8192K, 0% used [0x00000000ddf00000,0x00000000ddf00000,0x00000000de700000)
 ParOldGen       total 53760K, used 6575K [0x0000000081c00000, 0x0000000085080000, 0x00000000d5f00000)
  object space 53760K, 12% used [0x0000000081c00000,0x000000008226bdc0,0x0000000085080000)
 Metaspace       used 22958K, capacity 24636K, committed 24880K, reserved 1071104K
  class space    used 3032K, capacity 3350K, committed 3376K, reserved 1048576K
}
Event: 7.706 GC heap before
{Heap before GC invocations=8 (full 1):
 PSYoungGen      total 116736K, used 116433K [0x00000000d5f00000, 0x00000000def00000, 0x0000000100000000)
  eden space 110592K, 100% used [0x00000000d5f00000,0x00000000dcb00000,0x00000000dcb00000)
  from space 6144K, 95% used [0x00000000de900000,0x00000000deeb4778,0x00000000def00000)
  to   space 8192K, 0% used [0x00000000ddf00000,0x00000000ddf00000,0x00000000de700000)
 ParOldGen       total 53760K, used 6575K [0x0000000081c00000, 0x0000000085080000, 0x00000000d5f00000)
  object space 53760K, 12% used [0x0000000081c00000,0x000000008226bdc0,0x0000000085080000)
 Metaspace       used 25030K, capacity 26912K, committed 26928K, reserved 1073152K
  class space    used 3287K, capacity 3630K, committed 3632K, reserved 1048576K
Event: 7.715 GC heap after
Heap after GC invocations=8 (full 1):
 PSYoungGen      total 139264K, used 5851K [0x00000000d5f00000, 0x00000000e1c80000, 0x0000000100000000)
  eden space 131072K, 0% used [0x00000000d5f00000,0x00000000d5f00000,0x00000000ddf00000)
  from space 8192K, 71% used [0x00000000ddf00000,0x00000000de4b6fa8,0x00000000de700000)
  to   space 7680K, 0% used [0x00000000e1500000,0x00000000e1500000,0x00000000e1c80000)
 ParOldGen       total 53760K, used 6583K [0x0000000081c00000, 0x0000000085080000, 0x00000000d5f00000)
  object space 53760K, 12% used [0x0000000081c00000,0x000000008226ddc0,0x0000000085080000)
 Metaspace       used 25030K, capacity 26912K, committed 26928K, reserved 1073152K
  class space    used 3287K, capacity 3630K, committed 3632K, reserved 1048576K
}
Event: 11.339 GC heap before
{Heap before GC invocations=9 (full 1):
 PSYoungGen      total 139264K, used 134010K [0x00000000d5f00000, 0x00000000e1c80000, 0x0000000100000000)
  eden space 131072K, 97% used [0x00000000d5f00000,0x00000000ddc27c28,0x00000000ddf00000)
  from space 8192K, 71% used [0x00000000ddf00000,0x00000000de4b6fa8,0x00000000de700000)
  to   space 7680K, 0% used [0x00000000e1500000,0x00000000e1500000,0x00000000e1c80000)
 ParOldGen       total 53760K, used 6583K [0x0000000081c00000, 0x0000000085080000, 0x00000000d5f00000)
  object space 53760K, 12% used [0x0000000081c00000,0x000000008226ddc0,0x0000000085080000)
 Metaspace       used 33072K, capacity 35394K, committed 35496K, reserved 1079296K
  class space    used 4622K, capacity 5018K, committed 5040K, reserved 1048576K
Event: 11.357 GC heap after
Heap after GC invocations=9 (full 1):
 PSYoungGen      total 183296K, used 7660K [0x00000000d5f00000, 0x00000000e3c80000, 0x0000000100000000)
  eden space 175616K, 0% used [0x00000000d5f00000,0x00000000d5f00000,0x00000000e0a80000)
  from space 7680K, 99% used [0x00000000e1500000,0x00000000e1c7b180,0x00000000e1c80000)
  to   space 10752K, 0% used [0x00000000e0a80000,0x00000000e0a80000,0x00000000e1500000)
 ParOldGen       total 53760K, used 12199K [0x0000000081c00000, 0x0000000085080000, 0x00000000d5f00000)
  object space 53760K, 22% used [0x0000000081c00000,0x00000000827e9c48,0x0000000085080000)
 Metaspace       used 33072K, capacity 35394K, committed 35496K, reserved 1079296K
  class space    used 4622K, capacity 5018K, committed 5040K, reserved 1048576K
}
Event: 11.357 GC heap before
{Heap before GC invocations=10 (full 2):
 PSYoungGen      total 183296K, used 7660K [0x00000000d5f00000, 0x00000000e3c80000, 0x0000000100000000)
  eden space 175616K, 0% used [0x00000000d5f00000,0x00000000d5f00000,0x00000000e0a80000)
  from space 7680K, 99% used [0x00000000e1500000,0x00000000e1c7b180,0x00000000e1c80000)
  to   space 10752K, 0% used [0x00000000e0a80000,0x00000000e0a80000,0x00000000e1500000)
 ParOldGen       total 53760K, used 12199K [0x0000000081c00000, 0x0000000085080000, 0x00000000d5f00000)
  object space 53760K, 22% used [0x0000000081c00000,0x00000000827e9c48,0x0000000085080000)
 Metaspace       used 33072K, capacity 35394K, committed 35496K, reserved 1079296K
  class space    used 4622K, capacity 5018K, committed 5040K, reserved 1048576K
Event: 11.482 GC heap after
Heap after GC invocations=10 (full 2):
 PSYoungGen      total 183296K, used 0K [0x00000000d5f00000, 0x00000000e3c80000, 0x0000000100000000)
  eden space 175616K, 0% used [0x00000000d5f00000,0x00000000d5f00000,0x00000000e0a80000)
  from space 7680K, 0% used [0x00000000e1500000,0x00000000e1500000,0x00000000e1c80000)
  to   space 10752K, 0% used [0x00000000e0a80000,0x00000000e0a80000,0x00000000e1500000)
 ParOldGen       total 90112K, used 17491K [0x0000000081c00000, 0x0000000087400000, 0x00000000d5f00000)
  object space 90112K, 19% used [0x0000000081c00000,0x0000000082d14da0,0x0000000087400000)
 Metaspace       used 33072K, capacity 35394K, committed 35496K, reserved 1079296K
  class space    used 4622K, capacity 5018K, committed 5040K, reserved 1048576K
}

