# JRE version: Java(TM) SE Runtime Environment (8.0_25-b18) (build 1.8.0_25-b18)
# Java VM: Java HotSpot(TM) 64-Bit Server VM (25.25-b02 mixed mode windows-amd64 compressed oops)
Heap:
 PSYoungGen      total 303104K, used 145701K [0x00000000d5f00000, 0x00000000ed300000, 0x0000000100000000)
  eden space 290816K, 50% used [0x00000000d5f00000,0x00000000ded496e8,0x00000000e7b00000)
  from space 12288K, 0% used [0x00000000e7b00000,0x00000000e7b00000,0x00000000e8700000)
  to   space 11776K, 0% used [0x00000000ec780000,0x00000000ec780000,0x00000000ed300000)
 ParOldGen       total 129024K, used 21531K [0x0000000081c00000, 0x0000000089a00000, 0x00000000d5f00000)
  object space 129024K, 16% used [0x0000000081c00000,0x0000000083106ff0,0x0000000089a00000)
 Metaspace       used 60442K, capacity 63579K, committed 63744K, reserved 1105920K
  class space    used 7563K, capacity 8087K, committed 8192K, reserved 1048576K
GC Heap History (10 events):
Event: 10.937 GC heap before
{Heap before GC invocations=14 (full 2):
 PSYoungGen      total 243712K, used 3783K [0x00000000d5f00000, 0x00000000e5480000, 0x0000000100000000)
  eden space 237056K, 0% used [0x00000000d5f00000,0x00000000d5f00000,0x00000000e4680000)
  from space 6656K, 56% used [0x00000000e4e00000,0x00000000e51b1c10,0x00000000e5480000)
  to   space 7168K, 0% used [0x00000000e4680000,0x00000000e4680000,0x00000000e4d80000)
 ParOldGen       total 53760K, used 12282K [0x0000000081c00000, 0x0000000085080000, 0x00000000d5f00000)
  object space 53760K, 22% used [0x0000000081c00000,0x00000000827fe870,0x0000000085080000)
 Metaspace       used 33201K, capacity 35397K, committed 35496K, reserved 1081344K
  class space    used 3985K, capacity 4352K, committed 4352K, reserved 1048576K
Event: 11.022 GC heap after
Heap after GC invocations=14 (full 2):
 PSYoungGen      total 243712K, used 0K [0x00000000d5f00000, 0x00000000e5480000, 0x0000000100000000)
  eden space 237056K, 0% used [0x00000000d5f00000,0x00000000d5f00000,0x00000000e4680000)
  from space 6656K, 0% used [0x00000000e4e00000,0x00000000e4e00000,0x00000000e5480000)
  to   space 7168K, 0% used [0x00000000e4680000,0x00000000e4680000,0x00000000e4d80000)
 ParOldGen       total 89088K, used 12739K [0x0000000081c00000, 0x0000000087300000, 0x00000000d5f00000)
  object space 89088K, 14% used [0x0000000081c00000,0x0000000082870fc8,0x0000000087300000)
 Metaspace       used 33201K, capacity 35397K, committed 35496K, reserved 1081344K
  class space    used 3985K, capacity 4352K, committed 4352K, reserved 1048576K
}
Event: 14.947 GC heap before
{Heap before GC invocations=15 (full 2):
 PSYoungGen      total 243712K, used 237056K [0x00000000d5f00000, 0x00000000e5480000, 0x0000000100000000)
  eden space 237056K, 100% used [0x00000000d5f00000,0x00000000e4680000,0x00000000e4680000)
  from space 6656K, 0% used [0x00000000e4e00000,0x00000000e4e00000,0x00000000e5480000)
  to   space 7168K, 0% used [0x00000000e4680000,0x00000000e4680000,0x00000000e4d80000)
 ParOldGen       total 89088K, used 12739K [0x0000000081c00000, 0x0000000087300000, 0x00000000d5f00000)
  object space 89088K, 14% used [0x0000000081c00000,0x0000000082870fc8,0x0000000087300000)
 Metaspace       used 41749K, capacity 44351K, committed 44416K, reserved 1087488K
  class space    used 5308K, capacity 5751K, committed 5760K, reserved 1048576K
Event: 14.969 GC heap after
Heap after GC invocations=15 (full 2):
 PSYoungGen      total 244224K, used 7144K [0x00000000d5f00000, 0x00000000e9000000, 0x0000000100000000)
  eden space 237056K, 0% used [0x00000000d5f00000,0x00000000d5f00000,0x00000000e4680000)
  from space 7168K, 99% used [0x00000000e4680000,0x00000000e4d7a180,0x00000000e4d80000)
  to   space 9216K, 0% used [0x00000000e8700000,0x00000000e8700000,0x00000000e9000000)
 ParOldGen       total 89088K, used 15844K [0x0000000081c00000, 0x0000000087300000, 0x00000000d5f00000)
  object space 89088K, 17% used [0x0000000081c00000,0x0000000082b79160,0x0000000087300000)
 Metaspace       used 41749K, capacity 44351K, committed 44416K, reserved 1087488K
  class space    used 5308K, capacity 5751K, committed 5760K, reserved 1048576K
}
Event: 18.487 GC heap before
{Heap before GC invocations=16 (full 2):
 PSYoungGen      total 244224K, used 244200K [0x00000000d5f00000, 0x00000000e9000000, 0x0000000100000000)
  eden space 237056K, 100% used [0x00000000d5f00000,0x00000000e4680000,0x00000000e4680000)
  from space 7168K, 99% used [0x00000000e4680000,0x00000000e4d7a180,0x00000000e4d80000)
  to   space 9216K, 0% used [0x00000000e8700000,0x00000000e8700000,0x00000000e9000000)
 ParOldGen       total 89088K, used 15844K [0x0000000081c00000, 0x0000000087300000, 0x00000000d5f00000)
  object space 89088K, 17% used [0x0000000081c00000,0x0000000082b79160,0x0000000087300000)
 Metaspace       used 51572K, capacity 54387K, committed 54656K, reserved 1097728K
  class space    used 6472K, capacity 6945K, committed 7040K, reserved 1048576K
Event: 18.522 GC heap after
Heap after GC invocations=16 (full 2):
 PSYoungGen      total 300032K, used 9184K [0x00000000d5f00000, 0x00000000e9500000, 0x0000000100000000)
  eden space 290816K, 0% used [0x00000000d5f00000,0x00000000d5f00000,0x00000000e7b00000)
  from space 9216K, 99% used [0x00000000e8700000,0x00000000e8ff8258,0x00000000e9000000)
  to   space 12288K, 0% used [0x00000000e7b00000,0x00000000e7b00000,0x00000000e8700000)
 ParOldGen       total 89088K, used 20311K [0x0000000081c00000, 0x0000000087300000, 0x00000000d5f00000)
  object space 89088K, 22% used [0x0000000081c00000,0x0000000082fd5da8,0x0000000087300000)
 Metaspace       used 51572K, capacity 54387K, committed 54656K, reserved 1097728K
  class space    used 6472K, capacity 6945K, committed 7040K, reserved 1048576K
}
Event: 19.843 GC heap before
{Heap before GC invocations=17 (full 2):
 PSYoungGen      total 300032K, used 159224K [0x00000000d5f00000, 0x00000000e9500000, 0x0000000100000000)
  eden space 290816K, 51% used [0x00000000d5f00000,0x00000000df185e68,0x00000000e7b00000)
  from space 9216K, 99% used [0x00000000e8700000,0x00000000e8ff8258,0x00000000e9000000)
  to   space 12288K, 0% used [0x00000000e7b00000,0x00000000e7b00000,0x00000000e8700000)
 ParOldGen       total 89088K, used 20311K [0x0000000081c00000, 0x0000000087300000, 0x00000000d5f00000)
  object space 89088K, 22% used [0x0000000081c00000,0x0000000082fd5da8,0x0000000087300000)
 Metaspace       used 56140K, capacity 59027K, committed 59160K, reserved 1101824K
  class space    used 7043K, capacity 7525K, committed 7552K, reserved 1048576K
Event: 19.854 GC heap after
Heap after GC invocations=17 (full 2):
 PSYoungGen      total 303104K, used 4233K [0x00000000d5f00000, 0x00000000ed300000, 0x0000000100000000)
  eden space 290816K, 0% used [0x00000000d5f00000,0x00000000d5f00000,0x00000000e7b00000)
  from space 12288K, 34% used [0x00000000e7b00000,0x00000000e7f22488,0x00000000e8700000)
  to   space 11776K, 0% used [0x00000000ec780000,0x00000000ec780000,0x00000000ed300000)
 ParOldGen       total 89088K, used 24271K [0x0000000081c00000, 0x0000000087300000, 0x00000000d5f00000)
  object space 89088K, 27% used [0x0000000081c00000,0x00000000833b3c38,0x0000000087300000)
 Metaspace       used 56140K, capacity 59027K, committed 59160K, reserved 1101824K
  class space    used 7043K, capacity 7525K, committed 7552K, reserved 1048576K
}
Event: 19.854 GC heap before
{Heap before GC invocations=18 (full 3):
 PSYoungGen      total 303104K, used 4233K [0x00000000d5f00000, 0x00000000ed300000, 0x0000000100000000)
  eden space 290816K, 0% used [0x00000000d5f00000,0x00000000d5f00000,0x00000000e7b00000)
  from space 12288K, 34% used [0x00000000e7b00000,0x00000000e7f22488,0x00000000e8700000)
  to   space 11776K, 0% used [0x00000000ec780000,0x00000000ec780000,0x00000000ed300000)
 ParOldGen       total 89088K, used 24271K [0x0000000081c00000, 0x0000000087300000, 0x00000000d5f00000)
  object space 89088K, 27% used [0x0000000081c00000,0x00000000833b3c38,0x0000000087300000)
 Metaspace       used 56140K, capacity 59027K, committed 59160K, reserved 1101824K
  class space    used 7043K, capacity 7525K, committed 7552K, reserved 1048576K
Event: 20.056 GC heap after
Heap after GC invocations=18 (full 3):
 PSYoungGen      total 303104K, used 0K [0x00000000d5f00000, 0x00000000ed300000, 0x0000000100000000)
  eden space 290816K, 0% used [0x00000000d5f00000,0x00000000d5f00000,0x00000000e7b00000)
  from space 12288K, 0% used [0x00000000e7b00000,0x00000000e7b00000,0x00000000e8700000)
  to   space 11776K, 0% used [0x00000000ec780000,0x00000000ec780000,0x00000000ed300000)
 ParOldGen       total 129024K, used 21531K [0x0000000081c00000, 0x0000000089a00000, 0x00000000d5f00000)
  object space 129024K, 16% used [0x0000000081c00000,0x0000000083106ff0,0x0000000089a00000)
 Metaspace       used 56105K, capacity 58971K, committed 59160K, reserved 1101824K
  class space    used 7037K, capacity 7515K, committed 7552K, reserved 1048576K
}

