# JRE version: Java(TM) SE Runtime Environment (8.0_25-b18) (build 1.8.0_25-b18)
# Java VM: Java HotSpot(TM) 64-Bit Server VM (25.25-b02 mixed mode windows-amd64 compressed oops)
Heap:
 PSYoungGen      total 335872K, used 14019K [0x00000000d5f00000, 0x00000000f1080000, 0x0000000100000000)
  eden space 322048K, 4% used [0x00000000d5f00000,0x00000000d6cb0f90,0x00000000e9980000)
  from space 13824K, 0% used [0x00000000e9980000,0x00000000e9980000,0x00000000ea700000)
  to   space 13824K, 0% used [0x00000000f0300000,0x00000000f0300000,0x00000000f1080000)
 ParOldGen       total 120320K, used 20867K [0x0000000081c00000, 0x0000000089180000, 0x00000000d5f00000)
  object space 120320K, 17% used [0x0000000081c00000,0x0000000083060e40,0x0000000089180000)
 Metaspace       used 56283K, capacity 59132K, committed 59416K, reserved 1101824K
  class space    used 7068K, capacity 7539K, committed 7552K, reserved 1048576K
GC Heap History (10 events):
Event: 10.644 GC heap before
{Heap before GC invocations=12 (full 2):
 PSYoungGen      total 260096K, used 6467K [0x00000000d5f00000, 0x00000000e7380000, 0x0000000100000000)
  eden space 250368K, 0% used [0x00000000d5f00000,0x00000000d5f00000,0x00000000e5380000)
  from space 9728K, 66% used [0x00000000e5d00000,0x00000000e6350d30,0x00000000e6680000)
  to   space 9728K, 0% used [0x00000000e5380000,0x00000000e5380000,0x00000000e5d00000)
 ParOldGen       total 57344K, used 10301K [0x0000000081c00000, 0x0000000085400000, 0x00000000d5f00000)
  object space 57344K, 17% used [0x0000000081c00000,0x000000008260f6b0,0x0000000085400000)
 Metaspace       used 33267K, capacity 35448K, committed 35496K, reserved 1081344K
  class space    used 3979K, capacity 4338K, committed 4352K, reserved 1048576K
Event: 10.718 GC heap after
Heap after GC invocations=12 (full 2):
 PSYoungGen      total 260096K, used 0K [0x00000000d5f00000, 0x00000000e7380000, 0x0000000100000000)
  eden space 250368K, 0% used [0x00000000d5f00000,0x00000000d5f00000,0x00000000e5380000)
  from space 9728K, 0% used [0x00000000e5d00000,0x00000000e5d00000,0x00000000e6680000)
  to   space 9728K, 0% used [0x00000000e5380000,0x00000000e5380000,0x00000000e5d00000)
 ParOldGen       total 86528K, used 12129K [0x0000000081c00000, 0x0000000087080000, 0x00000000d5f00000)
  object space 86528K, 14% used [0x0000000081c00000,0x00000000827d8418,0x0000000087080000)
 Metaspace       used 33267K, capacity 35448K, committed 35496K, reserved 1081344K
  class space    used 3979K, capacity 4338K, committed 4352K, reserved 1048576K
}
Event: 15.563 GC heap before
{Heap before GC invocations=13 (full 2):
 PSYoungGen      total 260096K, used 250368K [0x00000000d5f00000, 0x00000000e7380000, 0x0000000100000000)
  eden space 250368K, 100% used [0x00000000d5f00000,0x00000000e5380000,0x00000000e5380000)
  from space 9728K, 0% used [0x00000000e5d00000,0x00000000e5d00000,0x00000000e6680000)
  to   space 9728K, 0% used [0x00000000e5380000,0x00000000e5380000,0x00000000e5d00000)
 ParOldGen       total 86528K, used 12129K [0x0000000081c00000, 0x0000000087080000, 0x00000000d5f00000)
  object space 86528K, 14% used [0x0000000081c00000,0x00000000827d8418,0x0000000087080000)
 Metaspace       used 42524K, capacity 45114K, committed 45312K, reserved 1089536K
  class space    used 5350K, capacity 5766K, committed 5888K, reserved 1048576K
Event: 15.593 GC heap after
Heap after GC invocations=13 (full 2):
 PSYoungGen      total 260096K, used 9724K [0x00000000d5f00000, 0x00000000eb480000, 0x0000000100000000)
  eden space 250368K, 0% used [0x00000000d5f00000,0x00000000d5f00000,0x00000000e5380000)
  from space 9728K, 99% used [0x00000000e5380000,0x00000000e5cff268,0x00000000e5d00000)
  to   space 11264K, 0% used [0x00000000ea980000,0x00000000ea980000,0x00000000eb480000)
 ParOldGen       total 86528K, used 12622K [0x0000000081c00000, 0x0000000087080000, 0x00000000d5f00000)
  object space 86528K, 14% used [0x0000000081c00000,0x0000000082853bc0,0x0000000087080000)
 Metaspace       used 42524K, capacity 45114K, committed 45312K, reserved 1089536K
  class space    used 5350K, capacity 5766K, committed 5888K, reserved 1048576K
}
Event: 21.170 GC heap before
{Heap before GC invocations=14 (full 2):
 PSYoungGen      total 260096K, used 260092K [0x00000000d5f00000, 0x00000000eb480000, 0x0000000100000000)
  eden space 250368K, 100% used [0x00000000d5f00000,0x00000000e5380000,0x00000000e5380000)
  from space 9728K, 99% used [0x00000000e5380000,0x00000000e5cff268,0x00000000e5d00000)
  to   space 11264K, 0% used [0x00000000ea980000,0x00000000ea980000,0x00000000eb480000)
 ParOldGen       total 86528K, used 12622K [0x0000000081c00000, 0x0000000087080000, 0x00000000d5f00000)
  object space 86528K, 14% used [0x0000000081c00000,0x0000000082853bc0,0x0000000087080000)
 Metaspace       used 52483K, capacity 55332K, committed 55552K, reserved 1097728K
  class space    used 6580K, capacity 7061K, committed 7168K, reserved 1048576K
Event: 21.207 GC heap after
Heap after GC invocations=14 (full 2):
 PSYoungGen      total 332800K, used 11259K [0x00000000d5f00000, 0x00000000eb480000, 0x0000000100000000)
  eden space 321536K, 0% used [0x00000000d5f00000,0x00000000d5f00000,0x00000000e9900000)
  from space 11264K, 99% used [0x00000000ea980000,0x00000000eb47ed50,0x00000000eb480000)
  to   space 13824K, 0% used [0x00000000e9980000,0x00000000e9980000,0x00000000ea700000)
 ParOldGen       total 86528K, used 15444K [0x0000000081c00000, 0x0000000087080000, 0x00000000d5f00000)
  object space 86528K, 17% used [0x0000000081c00000,0x0000000082b151e0,0x0000000087080000)
 Metaspace       used 52483K, capacity 55332K, committed 55552K, reserved 1097728K
  class space    used 6580K, capacity 7061K, committed 7168K, reserved 1048576K
}
Event: 22.370 GC heap before
{Heap before GC invocations=15 (full 2):
 PSYoungGen      total 332800K, used 130281K [0x00000000d5f00000, 0x00000000eb480000, 0x0000000100000000)
  eden space 321536K, 37% used [0x00000000d5f00000,0x00000000dd33b9b0,0x00000000e9900000)
  from space 11264K, 99% used [0x00000000ea980000,0x00000000eb47ed50,0x00000000eb480000)
  to   space 13824K, 0% used [0x00000000e9980000,0x00000000e9980000,0x00000000ea700000)
 ParOldGen       total 86528K, used 15444K [0x0000000081c00000, 0x0000000087080000, 0x00000000d5f00000)
  object space 86528K, 17% used [0x0000000081c00000,0x0000000082b151e0,0x0000000087080000)
 Metaspace       used 56222K, capacity 59078K, committed 59160K, reserved 1101824K
  class space    used 7042K, capacity 7514K, committed 7552K, reserved 1048576K
Event: 22.390 GC heap after
Heap after GC invocations=15 (full 2):
 PSYoungGen      total 335872K, used 3550K [0x00000000d5f00000, 0x00000000f1080000, 0x0000000100000000)
  eden space 322048K, 0% used [0x00000000d5f00000,0x00000000d5f00000,0x00000000e9980000)
  from space 13824K, 25% used [0x00000000e9980000,0x00000000e9cf7ae8,0x00000000ea700000)
  to   space 13824K, 0% used [0x00000000f0300000,0x00000000f0300000,0x00000000f1080000)
 ParOldGen       total 86528K, used 23122K [0x0000000081c00000, 0x0000000087080000, 0x00000000d5f00000)
  object space 86528K, 26% used [0x0000000081c00000,0x00000000832948c0,0x0000000087080000)
 Metaspace       used 56222K, capacity 59078K, committed 59160K, reserved 1101824K
  class space    used 7042K, capacity 7514K, committed 7552K, reserved 1048576K
}
Event: 22.390 GC heap before
{Heap before GC invocations=16 (full 3):
 PSYoungGen      total 335872K, used 3550K [0x00000000d5f00000, 0x00000000f1080000, 0x0000000100000000)
  eden space 322048K, 0% used [0x00000000d5f00000,0x00000000d5f00000,0x00000000e9980000)
  from space 13824K, 25% used [0x00000000e9980000,0x00000000e9cf7ae8,0x00000000ea700000)
  to   space 13824K, 0% used [0x00000000f0300000,0x00000000f0300000,0x00000000f1080000)
 ParOldGen       total 86528K, used 23122K [0x0000000081c00000, 0x0000000087080000, 0x00000000d5f00000)
  object space 86528K, 26% used [0x0000000081c00000,0x00000000832948c0,0x0000000087080000)
 Metaspace       used 56222K, capacity 59078K, committed 59160K, reserved 1101824K
  class space    used 7042K, capacity 7514K, committed 7552K, reserved 1048576K
Event: 22.548 GC heap after
Heap after GC invocations=16 (full 3):
 PSYoungGen      total 335872K, used 0K [0x00000000d5f00000, 0x00000000f1080000, 0x0000000100000000)
  eden space 322048K, 0% used [0x00000000d5f00000,0x00000000d5f00000,0x00000000e9980000)
  from space 13824K, 0% used [0x00000000e9980000,0x00000000e9980000,0x00000000ea700000)
  to   space 13824K, 0% used [0x00000000f0300000,0x00000000f0300000,0x00000000f1080000)
 ParOldGen       total 120320K, used 20867K [0x0000000081c00000, 0x0000000089180000, 0x00000000d5f00000)
  object space 120320K, 17% used [0x0000000081c00000,0x0000000083060e40,0x0000000089180000)
 Metaspace       used 56187K, capacity 59022K, committed 59160K, reserved 1101824K
  class space    used 7036K, capacity 7504K, committed 7552K, reserved 1048576K
}

