# JRE version: Java(TM) SE Runtime Environment (8.0_25-b18) (build 1.8.0_25-b18)
# Java VM: Java HotSpot(TM) 64-Bit Server VM (25.25-b02 mixed mode windows-amd64 compressed oops)
Heap:
 PSYoungGen      total 186880K, used 44472K [0x00000000d5f00000, 0x00000000e4000000, 0x0000000100000000)
  eden space 178688K, 24% used [0x00000000d5f00000,0x00000000d8a6e350,0x00000000e0d80000)
  from space 8192K, 0% used [0x00000000e1880000,0x00000000e1880000,0x00000000e2080000)
  to   space 11264K, 0% used [0x00000000e0d80000,0x00000000e0d80000,0x00000000e1880000)
 ParOldGen       total 88064K, used 17298K [0x0000000081c00000, 0x0000000087200000, 0x00000000d5f00000)
  object space 88064K, 19% used [0x0000000081c00000,0x0000000082ce4928,0x0000000087200000)
 Metaspace       used 34779K, capacity 37220K, committed 37416K, reserved 1081344K
  class space    used 4940K, capacity 5369K, committed 5424K, reserved 1048576K
GC Heap History (10 events):
Event: 5.242 GC heap before
{Heap before GC invocations=6 (full 1):
 PSYoungGen      total 71680K, used 5109K [0x00000000d5f00000, 0x00000000df100000, 0x0000000100000000)
  eden space 66560K, 0% used [0x00000000d5f00000,0x00000000d5f00000,0x00000000da000000)
  from space 5120K, 99% used [0x00000000da000000,0x00000000da4fd758,0x00000000da500000)
  to   space 8192K, 0% used [0x00000000de900000,0x00000000de900000,0x00000000df100000)
 ParOldGen       total 87552K, used 4105K [0x0000000081c00000, 0x0000000087180000, 0x00000000d5f00000)
  object space 87552K, 4% used [0x0000000081c00000,0x00000000820027e0,0x0000000087180000)
 Metaspace       used 19718K, capacity 21242K, committed 21296K, reserved 1067008K
  class space    used 2569K, capacity 2845K, committed 2864K, reserved 1048576K
Event: 5.290 GC heap after
Heap after GC invocations=6 (full 1):
 PSYoungGen      total 71680K, used 0K [0x00000000d5f00000, 0x00000000df100000, 0x0000000100000000)
  eden space 66560K, 0% used [0x00000000d5f00000,0x00000000d5f00000,0x00000000da000000)
  from space 5120K, 0% used [0x00000000da000000,0x00000000da000000,0x00000000da500000)
  to   space 8192K, 0% used [0x00000000de900000,0x00000000de900000,0x00000000df100000)
 ParOldGen       total 52736K, used 6489K [0x0000000081c00000, 0x0000000084f80000, 0x00000000d5f00000)
  object space 52736K, 12% used [0x0000000081c00000,0x00000000822567e8,0x0000000084f80000)
 Metaspace       used 19717K, capacity 21240K, committed 21296K, reserved 1067008K
  class space    used 2568K, capacity 2844K, committed 2864K, reserved 1048576K
}
Event: 5.907 GC heap before
{Heap before GC invocations=7 (full 1):
 PSYoungGen      total 71680K, used 66555K [0x00000000d5f00000, 0x00000000df100000, 0x0000000100000000)
  eden space 66560K, 99% used [0x00000000d5f00000,0x00000000d9ffee68,0x00000000da000000)
  from space 5120K, 0% used [0x00000000da000000,0x00000000da000000,0x00000000da500000)
  to   space 8192K, 0% used [0x00000000de900000,0x00000000de900000,0x00000000df100000)
 ParOldGen       total 52736K, used 6489K [0x0000000081c00000, 0x0000000084f80000, 0x00000000d5f00000)
  object space 52736K, 12% used [0x0000000081c00000,0x00000000822567e8,0x0000000084f80000)
 Metaspace       used 22957K, capacity 24634K, committed 24880K, reserved 1071104K
  class space    used 3038K, capacity 3349K, committed 3376K, reserved 1048576K
Event: 5.914 GC heap after
Heap after GC invocations=7 (full 1):
 PSYoungGen      total 117760K, used 5770K [0x00000000d5f00000, 0x00000000def00000, 0x0000000100000000)
  eden space 111616K, 0% used [0x00000000d5f00000,0x00000000d5f00000,0x00000000dcc00000)
  from space 6144K, 93% used [0x00000000de900000,0x00000000deea29e0,0x00000000def00000)
  to   space 8192K, 0% used [0x00000000ddf00000,0x00000000ddf00000,0x00000000de700000)
 ParOldGen       total 52736K, used 6489K [0x0000000081c00000, 0x0000000084f80000, 0x00000000d5f00000)
  object space 52736K, 12% used [0x0000000081c00000,0x00000000822567e8,0x0000000084f80000)
 Metaspace       used 22957K, capacity 24634K, committed 24880K, reserved 1071104K
  class space    used 3038K, capacity 3349K, committed 3376K, reserved 1048576K
}
Event: 7.609 GC heap before
{Heap before GC invocations=8 (full 1):
 PSYoungGen      total 117760K, used 117386K [0x00000000d5f00000, 0x00000000def00000, 0x0000000100000000)
  eden space 111616K, 100% used [0x00000000d5f00000,0x00000000dcc00000,0x00000000dcc00000)
  from space 6144K, 93% used [0x00000000de900000,0x00000000deea29e0,0x00000000def00000)
  to   space 8192K, 0% used [0x00000000ddf00000,0x00000000ddf00000,0x00000000de700000)
 ParOldGen       total 52736K, used 6489K [0x0000000081c00000, 0x0000000084f80000, 0x00000000d5f00000)
  object space 52736K, 12% used [0x0000000081c00000,0x00000000822567e8,0x0000000084f80000)
 Metaspace       used 25242K, capacity 27158K, committed 27312K, reserved 1073152K
  class space    used 3319K, capacity 3665K, committed 3760K, reserved 1048576K
Event: 7.619 GC heap after
Heap after GC invocations=8 (full 1):
 PSYoungGen      total 139264K, used 6160K [0x00000000d5f00000, 0x00000000e2080000, 0x0000000100000000)
  eden space 131072K, 0% used [0x00000000d5f00000,0x00000000d5f00000,0x00000000ddf00000)
  from space 8192K, 75% used [0x00000000ddf00000,0x00000000de504310,0x00000000de700000)
  to   space 8192K, 0% used [0x00000000e1880000,0x00000000e1880000,0x00000000e2080000)
 ParOldGen       total 52736K, used 6497K [0x0000000081c00000, 0x0000000084f80000, 0x00000000d5f00000)
  object space 52736K, 12% used [0x0000000081c00000,0x00000000822587e8,0x0000000084f80000)
 Metaspace       used 25242K, capacity 27158K, committed 27312K, reserved 1073152K
  class space    used 3319K, capacity 3665K, committed 3760K, reserved 1048576K
}
Event: 11.058 GC heap before
{Heap before GC invocations=9 (full 1):
 PSYoungGen      total 139264K, used 133873K [0x00000000d5f00000, 0x00000000e2080000, 0x0000000100000000)
  eden space 131072K, 97% used [0x00000000d5f00000,0x00000000ddbb8150,0x00000000ddf00000)
  from space 8192K, 75% used [0x00000000ddf00000,0x00000000de504310,0x00000000de700000)
  to   space 8192K, 0% used [0x00000000e1880000,0x00000000e1880000,0x00000000e2080000)
 ParOldGen       total 52736K, used 6497K [0x0000000081c00000, 0x0000000084f80000, 0x00000000d5f00000)
  object space 52736K, 12% used [0x0000000081c00000,0x00000000822587e8,0x0000000084f80000)
 Metaspace       used 33066K, capacity 35388K, committed 35496K, reserved 1079296K
  class space    used 4620K, capacity 5017K, committed 5040K, reserved 1048576K
Event: 11.078 GC heap after
Heap after GC invocations=9 (full 1):
 PSYoungGen      total 186880K, used 8162K [0x00000000d5f00000, 0x00000000e4000000, 0x0000000100000000)
  eden space 178688K, 0% used [0x00000000d5f00000,0x00000000d5f00000,0x00000000e0d80000)
  from space 8192K, 99% used [0x00000000e1880000,0x00000000e2078b88,0x00000000e2080000)
  to   space 11264K, 0% used [0x00000000e0d80000,0x00000000e0d80000,0x00000000e1880000)
 ParOldGen       total 52736K, used 11569K [0x0000000081c00000, 0x0000000084f80000, 0x00000000d5f00000)
  object space 52736K, 21% used [0x0000000081c00000,0x000000008274c788,0x0000000084f80000)
 Metaspace       used 33066K, capacity 35388K, committed 35496K, reserved 1079296K
  class space    used 4620K, capacity 5017K, committed 5040K, reserved 1048576K
}
Event: 11.078 GC heap before
{Heap before GC invocations=10 (full 2):
 PSYoungGen      total 186880K, used 8162K [0x00000000d5f00000, 0x00000000e4000000, 0x0000000100000000)
  eden space 178688K, 0% used [0x00000000d5f00000,0x00000000d5f00000,0x00000000e0d80000)
  from space 8192K, 99% used [0x00000000e1880000,0x00000000e2078b88,0x00000000e2080000)
  to   space 11264K, 0% used [0x00000000e0d80000,0x00000000e0d80000,0x00000000e1880000)
 ParOldGen       total 52736K, used 11569K [0x0000000081c00000, 0x0000000084f80000, 0x00000000d5f00000)
  object space 52736K, 21% used [0x0000000081c00000,0x000000008274c788,0x0000000084f80000)
 Metaspace       used 33066K, capacity 35388K, committed 35496K, reserved 1079296K
  class space    used 4620K, capacity 5017K, committed 5040K, reserved 1048576K
Event: 11.188 GC heap after
Heap after GC invocations=10 (full 2):
 PSYoungGen      total 186880K, used 0K [0x00000000d5f00000, 0x00000000e4000000, 0x0000000100000000)
  eden space 178688K, 0% used [0x00000000d5f00000,0x00000000d5f00000,0x00000000e0d80000)
  from space 8192K, 0% used [0x00000000e1880000,0x00000000e1880000,0x00000000e2080000)
  to   space 11264K, 0% used [0x00000000e0d80000,0x00000000e0d80000,0x00000000e1880000)
 ParOldGen       total 88064K, used 17298K [0x0000000081c00000, 0x0000000087200000, 0x00000000d5f00000)
  object space 88064K, 19% used [0x0000000081c00000,0x0000000082ce4928,0x0000000087200000)
 Metaspace       used 33066K, capacity 35388K, committed 35496K, reserved 1079296K
  class space    used 4620K, capacity 5017K, committed 5040K, reserved 1048576K
}

