# JRE version: Java(TM) SE Runtime Environment (8.0_25-b18) (build 1.8.0_25-b18)
# Java VM: Java HotSpot(TM) 64-Bit Server VM (25.25-b02 mixed mode windows-amd64 compressed oops)
Heap:
 PSYoungGen      total 137728K, used 41616K [0x00000000d5f00000, 0x00000000df480000, 0x0000000100000000)
  eden space 126976K, 32% used [0x00000000d5f00000,0x00000000d87a4168,0x00000000ddb00000)
  from space 10752K, 0% used [0x00000000de580000,0x00000000de580000,0x00000000df000000)
  to   space 10752K, 0% used [0x00000000ddb00000,0x00000000ddb00000,0x00000000de580000)
 ParOldGen       total 76800K, used 11664K [0x0000000081c00000, 0x0000000086700000, 0x00000000d5f00000)
  object space 76800K, 15% used [0x0000000081c00000,0x00000000827643e8,0x0000000086700000)
 Metaspace       used 34694K, capacity 37108K, committed 37416K, reserved 1081344K
  class space    used 4929K, capacity 5337K, committed 5424K, reserved 1048576K
GC Heap History (10 events):
Event: 5.916 GC heap before
{Heap before GC invocations=8 (full 1):
 PSYoungGen      total 60928K, used 60548K [0x00000000d5f00000, 0x00000000dad00000, 0x0000000100000000)
  eden space 55808K, 100% used [0x00000000d5f00000,0x00000000d9580000,0x00000000d9580000)
  from space 5120K, 92% used [0x00000000da800000,0x00000000daca1308,0x00000000dad00000)
  to   space 8192K, 0% used [0x00000000d9d00000,0x00000000d9d00000,0x00000000da500000)
 ParOldGen       total 53248K, used 6486K [0x0000000081c00000, 0x0000000085000000, 0x00000000d5f00000)
  object space 53248K, 12% used [0x0000000081c00000,0x0000000082255ad8,0x0000000085000000)
 Metaspace       used 23421K, capacity 25108K, committed 25264K, reserved 1071104K
  class space    used 3083K, capacity 3386K, committed 3504K, reserved 1048576K
Event: 5.922 GC heap after
Heap after GC invocations=8 (full 1):
 PSYoungGen      total 71680K, used 3684K [0x00000000d5f00000, 0x00000000dca80000, 0x0000000100000000)
  eden space 63488K, 0% used [0x00000000d5f00000,0x00000000d5f00000,0x00000000d9d00000)
  from space 8192K, 44% used [0x00000000d9d00000,0x00000000da099318,0x00000000da500000)
  to   space 8192K, 0% used [0x00000000dc280000,0x00000000dc280000,0x00000000dca80000)
 ParOldGen       total 53248K, used 6486K [0x0000000081c00000, 0x0000000085000000, 0x00000000d5f00000)
  object space 53248K, 12% used [0x0000000081c00000,0x0000000082255ad8,0x0000000085000000)
 Metaspace       used 23421K, capacity 25108K, committed 25264K, reserved 1071104K
  class space    used 3083K, capacity 3386K, committed 3504K, reserved 1048576K
}
Event: 7.235 GC heap before
{Heap before GC invocations=9 (full 1):
 PSYoungGen      total 71680K, used 67172K [0x00000000d5f00000, 0x00000000dca80000, 0x0000000100000000)
  eden space 63488K, 100% used [0x00000000d5f00000,0x00000000d9d00000,0x00000000d9d00000)
  from space 8192K, 44% used [0x00000000d9d00000,0x00000000da099318,0x00000000da500000)
  to   space 8192K, 0% used [0x00000000dc280000,0x00000000dc280000,0x00000000dca80000)
 ParOldGen       total 53248K, used 6486K [0x0000000081c00000, 0x0000000085000000, 0x00000000d5f00000)
  object space 53248K, 12% used [0x0000000081c00000,0x0000000082255ad8,0x0000000085000000)
 Metaspace       used 26035K, capacity 28050K, committed 28208K, reserved 1073152K
  class space    used 3430K, capacity 3779K, committed 3888K, reserved 1048576K
Event: 7.246 GC heap after
Heap after GC invocations=9 (full 1):
 PSYoungGen      total 101376K, used 7089K [0x00000000d5f00000, 0x00000000dd580000, 0x0000000100000000)
  eden space 93184K, 0% used [0x00000000d5f00000,0x00000000d5f00000,0x00000000dba00000)
  from space 8192K, 86% used [0x00000000dc280000,0x00000000dc96c678,0x00000000dca80000)
  to   space 8704K, 0% used [0x00000000dba00000,0x00000000dba00000,0x00000000dc280000)
 ParOldGen       total 53248K, used 6494K [0x0000000081c00000, 0x0000000085000000, 0x00000000d5f00000)
  object space 53248K, 12% used [0x0000000081c00000,0x0000000082257ad8,0x0000000085000000)
 Metaspace       used 26035K, capacity 28050K, committed 28208K, reserved 1073152K
  class space    used 3430K, capacity 3779K, committed 3888K, reserved 1048576K
}
Event: 9.871 GC heap before
{Heap before GC invocations=10 (full 1):
 PSYoungGen      total 101376K, used 100273K [0x00000000d5f00000, 0x00000000dd580000, 0x0000000100000000)
  eden space 93184K, 100% used [0x00000000d5f00000,0x00000000dba00000,0x00000000dba00000)
  from space 8192K, 86% used [0x00000000dc280000,0x00000000dc96c678,0x00000000dca80000)
  to   space 8704K, 0% used [0x00000000dba00000,0x00000000dba00000,0x00000000dc280000)
 ParOldGen       total 53248K, used 6494K [0x0000000081c00000, 0x0000000085000000, 0x00000000d5f00000)
  object space 53248K, 12% used [0x0000000081c00000,0x0000000082257ad8,0x0000000085000000)
 Metaspace       used 31975K, capacity 34376K, committed 34608K, reserved 1079296K
  class space    used 4395K, capacity 4791K, committed 4912K, reserved 1048576K
Event: 9.888 GC heap after
Heap after GC invocations=10 (full 1):
 PSYoungGen      total 101888K, used 8679K [0x00000000d5f00000, 0x00000000df000000, 0x0000000100000000)
  eden space 93184K, 0% used [0x00000000d5f00000,0x00000000d5f00000,0x00000000dba00000)
  from space 8704K, 99% used [0x00000000dba00000,0x00000000dc279d40,0x00000000dc280000)
  to   space 10752K, 0% used [0x00000000de580000,0x00000000de580000,0x00000000df000000)
 ParOldGen       total 53248K, used 8667K [0x0000000081c00000, 0x0000000085000000, 0x00000000d5f00000)
  object space 53248K, 16% used [0x0000000081c00000,0x0000000082476d98,0x0000000085000000)
 Metaspace       used 31975K, capacity 34376K, committed 34608K, reserved 1079296K
  class space    used 4395K, capacity 4791K, committed 4912K, reserved 1048576K
}
Event: 10.133 GC heap before
{Heap before GC invocations=11 (full 1):
 PSYoungGen      total 101888K, used 27367K [0x00000000d5f00000, 0x00000000df000000, 0x0000000100000000)
  eden space 93184K, 20% used [0x00000000d5f00000,0x00000000d7140280,0x00000000dba00000)
  from space 8704K, 99% used [0x00000000dba00000,0x00000000dc279d40,0x00000000dc280000)
  to   space 10752K, 0% used [0x00000000de580000,0x00000000de580000,0x00000000df000000)
 ParOldGen       total 53248K, used 8667K [0x0000000081c00000, 0x0000000085000000, 0x00000000d5f00000)
  object space 53248K, 16% used [0x0000000081c00000,0x0000000082476d98,0x0000000085000000)
 Metaspace       used 33073K, capacity 35380K, committed 35496K, reserved 1079296K
  class space    used 4623K, capacity 5017K, committed 5040K, reserved 1048576K
Event: 10.144 GC heap after
Heap after GC invocations=11 (full 1):
 PSYoungGen      total 137728K, used 3885K [0x00000000d5f00000, 0x00000000df480000, 0x0000000100000000)
  eden space 126976K, 0% used [0x00000000d5f00000,0x00000000d5f00000,0x00000000ddb00000)
  from space 10752K, 36% used [0x00000000de580000,0x00000000de94b488,0x00000000df000000)
  to   space 10752K, 0% used [0x00000000ddb00000,0x00000000ddb00000,0x00000000de580000)
 ParOldGen       total 53248K, used 11405K [0x0000000081c00000, 0x0000000085000000, 0x00000000d5f00000)
  object space 53248K, 21% used [0x0000000081c00000,0x0000000082723758,0x0000000085000000)
 Metaspace       used 33073K, capacity 35380K, committed 35496K, reserved 1079296K
  class space    used 4623K, capacity 5017K, committed 5040K, reserved 1048576K
}
Event: 10.144 GC heap before
{Heap before GC invocations=12 (full 2):
 PSYoungGen      total 137728K, used 3885K [0x00000000d5f00000, 0x00000000df480000, 0x0000000100000000)
  eden space 126976K, 0% used [0x00000000d5f00000,0x00000000d5f00000,0x00000000ddb00000)
  from space 10752K, 36% used [0x00000000de580000,0x00000000de94b488,0x00000000df000000)
  to   space 10752K, 0% used [0x00000000ddb00000,0x00000000ddb00000,0x00000000de580000)
 ParOldGen       total 53248K, used 11405K [0x0000000081c00000, 0x0000000085000000, 0x00000000d5f00000)
  object space 53248K, 21% used [0x0000000081c00000,0x0000000082723758,0x0000000085000000)
 Metaspace       used 33073K, capacity 35380K, committed 35496K, reserved 1079296K
  class space    used 4623K, capacity 5017K, committed 5040K, reserved 1048576K
Event: 10.245 GC heap after
Heap after GC invocations=12 (full 2):
 PSYoungGen      total 137728K, used 0K [0x00000000d5f00000, 0x00000000df480000, 0x0000000100000000)
  eden space 126976K, 0% used [0x00000000d5f00000,0x00000000d5f00000,0x00000000ddb00000)
  from space 10752K, 0% used [0x00000000de580000,0x00000000de580000,0x00000000df000000)
  to   space 10752K, 0% used [0x00000000ddb00000,0x00000000ddb00000,0x00000000de580000)
 ParOldGen       total 76800K, used 11664K [0x0000000081c00000, 0x0000000086700000, 0x00000000d5f00000)
  object space 76800K, 15% used [0x0000000081c00000,0x00000000827643e8,0x0000000086700000)
 Metaspace       used 33073K, capacity 35380K, committed 35496K, reserved 1079296K
  class space    used 4623K, capacity 5017K, committed 5040K, reserved 1048576K
}

