# JRE version: Java(TM) SE Runtime Environment (8.0_25-b18) (build 1.8.0_25-b18)
# Java VM: Java HotSpot(TM) 64-Bit Server VM (25.25-b02 mixed mode windows-amd64 compressed oops)
Heap:
 PSYoungGen      total 202752K, used 156994K [0x00000000d5f00000, 0x00000000e4980000, 0x0000000100000000)
  eden space 194560K, 80% used [0x00000000d5f00000,0x00000000df8509b8,0x00000000e1d00000)
  from space 8192K, 0% used [0x00000000e2800000,0x00000000e2800000,0x00000000e3000000)
  to   space 11264K, 0% used [0x00000000e1d00000,0x00000000e1d00000,0x00000000e2800000)
 ParOldGen       total 80384K, used 16983K [0x0000000081c00000, 0x0000000086a80000, 0x00000000d5f00000)
  object space 80384K, 21% used [0x0000000081c00000,0x0000000082c95dd0,0x0000000086a80000)
 Metaspace       used 44102K, capacity 46894K, committed 47144K, reserved 1089536K
  class space    used 6208K, capacity 6690K, committed 6704K, reserved 1048576K
GC Heap History (10 events):
Event: 6.485 GC heap before
{Heap before GC invocations=6 (full 1):
 PSYoungGen      total 71680K, used 5103K [0x00000000d5f00000, 0x00000000df100000, 0x0000000100000000)
  eden space 66560K, 0% used [0x00000000d5f00000,0x00000000d5f00000,0x00000000da000000)
  from space 5120K, 99% used [0x00000000da000000,0x00000000da4fbed0,0x00000000da500000)
  to   space 8192K, 0% used [0x00000000de900000,0x00000000de900000,0x00000000df100000)
 ParOldGen       total 87552K, used 4113K [0x0000000081c00000, 0x0000000087180000, 0x00000000d5f00000)
  object space 87552K, 4% used [0x0000000081c00000,0x00000000820047a8,0x0000000087180000)
 Metaspace       used 19696K, capacity 21208K, committed 21296K, reserved 1067008K
  class space    used 2563K, capacity 2838K, committed 2864K, reserved 1048576K
Event: 6.550 GC heap after
Heap after GC invocations=6 (full 1):
 PSYoungGen      total 71680K, used 0K [0x00000000d5f00000, 0x00000000df100000, 0x0000000100000000)
  eden space 66560K, 0% used [0x00000000d5f00000,0x00000000d5f00000,0x00000000da000000)
  from space 5120K, 0% used [0x00000000da000000,0x00000000da000000,0x00000000da500000)
  to   space 8192K, 0% used [0x00000000de900000,0x00000000de900000,0x00000000df100000)
 ParOldGen       total 50176K, used 6508K [0x0000000081c00000, 0x0000000084d00000, 0x00000000d5f00000)
  object space 50176K, 12% used [0x0000000081c00000,0x000000008225b310,0x0000000084d00000)
 Metaspace       used 19694K, capacity 21206K, committed 21296K, reserved 1067008K
  class space    used 2562K, capacity 2837K, committed 2864K, reserved 1048576K
}
Event: 7.137 GC heap before
{Heap before GC invocations=7 (full 1):
 PSYoungGen      total 71680K, used 66527K [0x00000000d5f00000, 0x00000000df100000, 0x0000000100000000)
  eden space 66560K, 99% used [0x00000000d5f00000,0x00000000d9ff7f08,0x00000000da000000)
  from space 5120K, 0% used [0x00000000da000000,0x00000000da000000,0x00000000da500000)
  to   space 8192K, 0% used [0x00000000de900000,0x00000000de900000,0x00000000df100000)
 ParOldGen       total 50176K, used 6508K [0x0000000081c00000, 0x0000000084d00000, 0x00000000d5f00000)
  object space 50176K, 12% used [0x0000000081c00000,0x000000008225b310,0x0000000084d00000)
 Metaspace       used 22957K, capacity 24614K, committed 24880K, reserved 1071104K
  class space    used 3037K, capacity 3349K, committed 3376K, reserved 1048576K
Event: 7.145 GC heap after
Heap after GC invocations=7 (full 1):
 PSYoungGen      total 122368K, used 5712K [0x00000000d5f00000, 0x00000000def00000, 0x0000000100000000)
  eden space 116224K, 0% used [0x00000000d5f00000,0x00000000d5f00000,0x00000000dd080000)
  from space 6144K, 92% used [0x00000000de900000,0x00000000dee94170,0x00000000def00000)
  to   space 8192K, 0% used [0x00000000ddf00000,0x00000000ddf00000,0x00000000de700000)
 ParOldGen       total 50176K, used 6508K [0x0000000081c00000, 0x0000000084d00000, 0x00000000d5f00000)
  object space 50176K, 12% used [0x0000000081c00000,0x000000008225b310,0x0000000084d00000)
 Metaspace       used 22957K, capacity 24614K, committed 24880K, reserved 1071104K
  class space    used 3037K, capacity 3349K, committed 3376K, reserved 1048576K
}
Event: 8.509 GC heap before
{Heap before GC invocations=8 (full 1):
 PSYoungGen      total 122368K, used 121936K [0x00000000d5f00000, 0x00000000def00000, 0x0000000100000000)
  eden space 116224K, 100% used [0x00000000d5f00000,0x00000000dd080000,0x00000000dd080000)
  from space 6144K, 92% used [0x00000000de900000,0x00000000dee94170,0x00000000def00000)
  to   space 8192K, 0% used [0x00000000ddf00000,0x00000000ddf00000,0x00000000de700000)
 ParOldGen       total 50176K, used 6508K [0x0000000081c00000, 0x0000000084d00000, 0x00000000d5f00000)
  object space 50176K, 12% used [0x0000000081c00000,0x000000008225b310,0x0000000084d00000)
 Metaspace       used 25660K, capacity 27590K, committed 27824K, reserved 1073152K
  class space    used 3368K, capacity 3703K, committed 3760K, reserved 1048576K
Event: 8.518 GC heap after
Heap after GC invocations=8 (full 1):
 PSYoungGen      total 139264K, used 6933K [0x00000000d5f00000, 0x00000000e3000000, 0x0000000100000000)
  eden space 131072K, 0% used [0x00000000d5f00000,0x00000000d5f00000,0x00000000ddf00000)
  from space 8192K, 84% used [0x00000000ddf00000,0x00000000de5c5720,0x00000000de700000)
  to   space 8192K, 0% used [0x00000000e2800000,0x00000000e2800000,0x00000000e3000000)
 ParOldGen       total 50176K, used 6516K [0x0000000081c00000, 0x0000000084d00000, 0x00000000d5f00000)
  object space 50176K, 12% used [0x0000000081c00000,0x000000008225d310,0x0000000084d00000)
 Metaspace       used 25660K, capacity 27590K, committed 27824K, reserved 1073152K
  class space    used 3368K, capacity 3703K, committed 3760K, reserved 1048576K
}
Event: 11.493 GC heap before
{Heap before GC invocations=9 (full 1):
 PSYoungGen      total 139264K, used 129925K [0x00000000d5f00000, 0x00000000e3000000, 0x0000000100000000)
  eden space 131072K, 93% used [0x00000000d5f00000,0x00000000dd71bf70,0x00000000ddf00000)
  from space 8192K, 84% used [0x00000000ddf00000,0x00000000de5c5720,0x00000000de700000)
  to   space 8192K, 0% used [0x00000000e2800000,0x00000000e2800000,0x00000000e3000000)
 ParOldGen       total 50176K, used 6516K [0x0000000081c00000, 0x0000000084d00000, 0x00000000d5f00000)
  object space 50176K, 12% used [0x0000000081c00000,0x000000008225d310,0x0000000084d00000)
 Metaspace       used 33158K, capacity 35436K, committed 35496K, reserved 1079296K
  class space    used 4640K, capacity 5017K, committed 5040K, reserved 1048576K
Event: 11.514 GC heap after
Heap after GC invocations=9 (full 1):
 PSYoungGen      total 202752K, used 8175K [0x00000000d5f00000, 0x00000000e4980000, 0x0000000100000000)
  eden space 194560K, 0% used [0x00000000d5f00000,0x00000000d5f00000,0x00000000e1d00000)
  from space 8192K, 99% used [0x00000000e2800000,0x00000000e2ffbc78,0x00000000e3000000)
  to   space 11264K, 0% used [0x00000000e1d00000,0x00000000e1d00000,0x00000000e2800000)
 ParOldGen       total 50176K, used 11229K [0x0000000081c00000, 0x0000000084d00000, 0x00000000d5f00000)
  object space 50176K, 22% used [0x0000000081c00000,0x00000000826f7540,0x0000000084d00000)
 Metaspace       used 33158K, capacity 35436K, committed 35496K, reserved 1079296K
  class space    used 4640K, capacity 5017K, committed 5040K, reserved 1048576K
}
Event: 11.514 GC heap before
{Heap before GC invocations=10 (full 2):
 PSYoungGen      total 202752K, used 8175K [0x00000000d5f00000, 0x00000000e4980000, 0x0000000100000000)
  eden space 194560K, 0% used [0x00000000d5f00000,0x00000000d5f00000,0x00000000e1d00000)
  from space 8192K, 99% used [0x00000000e2800000,0x00000000e2ffbc78,0x00000000e3000000)
  to   space 11264K, 0% used [0x00000000e1d00000,0x00000000e1d00000,0x00000000e2800000)
 ParOldGen       total 50176K, used 11229K [0x0000000081c00000, 0x0000000084d00000, 0x00000000d5f00000)
  object space 50176K, 22% used [0x0000000081c00000,0x00000000826f7540,0x0000000084d00000)
 Metaspace       used 33158K, capacity 35436K, committed 35496K, reserved 1079296K
  class space    used 4640K, capacity 5017K, committed 5040K, reserved 1048576K
Event: 11.614 GC heap after
Heap after GC invocations=10 (full 2):
 PSYoungGen      total 202752K, used 0K [0x00000000d5f00000, 0x00000000e4980000, 0x0000000100000000)
  eden space 194560K, 0% used [0x00000000d5f00000,0x00000000d5f00000,0x00000000e1d00000)
  from space 8192K, 0% used [0x00000000e2800000,0x00000000e2800000,0x00000000e3000000)
  to   space 11264K, 0% used [0x00000000e1d00000,0x00000000e1d00000,0x00000000e2800000)
 ParOldGen       total 80384K, used 16983K [0x0000000081c00000, 0x0000000086a80000, 0x00000000d5f00000)
  object space 80384K, 21% used [0x0000000081c00000,0x0000000082c95dd0,0x0000000086a80000)
 Metaspace       used 33158K, capacity 35436K, committed 35496K, reserved 1079296K
  class space    used 4640K, capacity 5017K, committed 5040K, reserved 1048576K
}

