# JRE version: Java(TM) SE Runtime Environment (8.0_25-b18) (build 1.8.0_25-b18)
# Java VM: Java HotSpot(TM) 64-Bit Server VM (25.25-b02 mixed mode windows-amd64 compressed oops)
Heap:
 PSYoungGen      total 417792K, used 74615K [0x00000000d5f00000, 0x00000000f0600000, 0x0000000100000000)
  eden space 406016K, 18% used [0x00000000d5f00000,0x00000000da7ddf90,0x00000000eeb80000)
  from space 11776K, 0% used [0x00000000efa80000,0x00000000efa80000,0x00000000f0600000)
  to   space 13312K, 0% used [0x00000000eec00000,0x00000000eec00000,0x00000000ef900000)
 ParOldGen       total 112640K, used 25184K [0x0000000081c00000, 0x0000000088a00000, 0x00000000d5f00000)
  object space 112640K, 22% used [0x0000000081c00000,0x0000000083498278,0x0000000088a00000)
 Metaspace       used 58200K, capacity 61131K, committed 61312K, reserved 1103872K
  class space    used 7319K, capacity 7797K, committed 7808K, reserved 1048576K
GC Heap History (10 events):
Event: 11.475 GC heap before
{Heap before GC invocations=11 (full 1):
 PSYoungGen      total 267776K, used 136273K [0x00000000d5f00000, 0x00000000ea200000, 0x0000000100000000)
  eden space 261120K, 49% used [0x00000000d5f00000,0x00000000ddd9a000,0x00000000e5e00000)
  from space 6656K, 99% used [0x00000000e5e00000,0x00000000e647a5a8,0x00000000e6480000)
  to   space 8192K, 0% used [0x00000000e9a00000,0x00000000e9a00000,0x00000000ea200000)
 ParOldGen       total 50176K, used 8397K [0x0000000081c00000, 0x0000000084d00000, 0x00000000d5f00000)
  object space 50176K, 16% used [0x0000000081c00000,0x0000000082433638,0x0000000084d00000)
 Metaspace       used 33198K, capacity 35437K, committed 35496K, reserved 1081344K
  class space    used 3977K, capacity 4352K, committed 4352K, reserved 1048576K
Event: 11.489 GC heap after
Heap after GC invocations=11 (full 1):
 PSYoungGen      total 321024K, used 8167K [0x00000000d5f00000, 0x00000000ed300000, 0x0000000100000000)
  eden space 312832K, 0% used [0x00000000d5f00000,0x00000000d5f00000,0x00000000e9080000)
  from space 8192K, 99% used [0x00000000e9a00000,0x00000000ea1f9d80,0x00000000ea200000)
  to   space 9728K, 0% used [0x00000000e9080000,0x00000000e9080000,0x00000000e9a00000)
 ParOldGen       total 50176K, used 9534K [0x0000000081c00000, 0x0000000084d00000, 0x00000000d5f00000)
  object space 50176K, 19% used [0x0000000081c00000,0x000000008254fb50,0x0000000084d00000)
 Metaspace       used 33198K, capacity 35437K, committed 35496K, reserved 1081344K
  class space    used 3977K, capacity 4352K, committed 4352K, reserved 1048576K
}
Event: 11.489 GC heap before
{Heap before GC invocations=12 (full 2):
 PSYoungGen      total 321024K, used 8167K [0x00000000d5f00000, 0x00000000ed300000, 0x0000000100000000)
  eden space 312832K, 0% used [0x00000000d5f00000,0x00000000d5f00000,0x00000000e9080000)
  from space 8192K, 99% used [0x00000000e9a00000,0x00000000ea1f9d80,0x00000000ea200000)
  to   space 9728K, 0% used [0x00000000e9080000,0x00000000e9080000,0x00000000e9a00000)
 ParOldGen       total 50176K, used 9534K [0x0000000081c00000, 0x0000000084d00000, 0x00000000d5f00000)
  object space 50176K, 19% used [0x0000000081c00000,0x000000008254fb50,0x0000000084d00000)
 Metaspace       used 33198K, capacity 35437K, committed 35496K, reserved 1081344K
  class space    used 3977K, capacity 4352K, committed 4352K, reserved 1048576K
Event: 11.557 GC heap after
Heap after GC invocations=12 (full 2):
 PSYoungGen      total 321024K, used 0K [0x00000000d5f00000, 0x00000000ed300000, 0x0000000100000000)
  eden space 312832K, 0% used [0x00000000d5f00000,0x00000000d5f00000,0x00000000e9080000)
  from space 8192K, 0% used [0x00000000e9a00000,0x00000000e9a00000,0x00000000ea200000)
  to   space 9728K, 0% used [0x00000000e9080000,0x00000000e9080000,0x00000000e9a00000)
 ParOldGen       total 78336K, used 13889K [0x0000000081c00000, 0x0000000086880000, 0x00000000d5f00000)
  object space 78336K, 17% used [0x0000000081c00000,0x00000000829905d0,0x0000000086880000)
 Metaspace       used 33198K, capacity 35437K, committed 35496K, reserved 1081344K
  class space    used 3977K, capacity 4352K, committed 4352K, reserved 1048576K
}
Event: 17.135 GC heap before
{Heap before GC invocations=13 (full 2):
 PSYoungGen      total 321024K, used 312832K [0x00000000d5f00000, 0x00000000ed300000, 0x0000000100000000)
  eden space 312832K, 100% used [0x00000000d5f00000,0x00000000e9080000,0x00000000e9080000)
  from space 8192K, 0% used [0x00000000e9a00000,0x00000000e9a00000,0x00000000ea200000)
  to   space 9728K, 0% used [0x00000000e9080000,0x00000000e9080000,0x00000000e9a00000)
 ParOldGen       total 78336K, used 13889K [0x0000000081c00000, 0x0000000086880000, 0x00000000d5f00000)
  object space 78336K, 17% used [0x0000000081c00000,0x00000000829905d0,0x0000000086880000)
 Metaspace       used 44696K, capacity 47385K, committed 47616K, reserved 1091584K
  class space    used 5713K, capacity 6142K, committed 6144K, reserved 1048576K
Event: 17.163 GC heap after
Heap after GC invocations=13 (full 2):
 PSYoungGen      total 322560K, used 9713K [0x00000000d5f00000, 0x00000000f0600000, 0x0000000100000000)
  eden space 312832K, 0% used [0x00000000d5f00000,0x00000000d5f00000,0x00000000e9080000)
  from space 9728K, 99% used [0x00000000e9080000,0x00000000e99fc4a0,0x00000000e9a00000)
  to   space 11776K, 0% used [0x00000000efa80000,0x00000000efa80000,0x00000000f0600000)
 ParOldGen       total 78336K, used 16899K [0x0000000081c00000, 0x0000000086880000, 0x00000000d5f00000)
  object space 78336K, 21% used [0x0000000081c00000,0x0000000082c80ec8,0x0000000086880000)
 Metaspace       used 44696K, capacity 47385K, committed 47616K, reserved 1091584K
  class space    used 5713K, capacity 6142K, committed 6144K, reserved 1048576K
}
Event: 21.053 GC heap before
{Heap before GC invocations=14 (full 2):
 PSYoungGen      total 322560K, used 310847K [0x00000000d5f00000, 0x00000000f0600000, 0x0000000100000000)
  eden space 312832K, 96% used [0x00000000d5f00000,0x00000000e8513a18,0x00000000e9080000)
  from space 9728K, 99% used [0x00000000e9080000,0x00000000e99fc4a0,0x00000000e9a00000)
  to   space 11776K, 0% used [0x00000000efa80000,0x00000000efa80000,0x00000000f0600000)
 ParOldGen       total 78336K, used 16899K [0x0000000081c00000, 0x0000000086880000, 0x00000000d5f00000)
  object space 78336K, 21% used [0x0000000081c00000,0x0000000082c80ec8,0x0000000086880000)
 Metaspace       used 56160K, capacity 59039K, committed 59160K, reserved 1101824K
  class space    used 7045K, capacity 7529K, committed 7552K, reserved 1048576K
Event: 21.087 GC heap after
Heap after GC invocations=14 (full 2):
 PSYoungGen      total 417792K, used 11401K [0x00000000d5f00000, 0x00000000f0600000, 0x0000000100000000)
  eden space 406016K, 0% used [0x00000000d5f00000,0x00000000d5f00000,0x00000000eeb80000)
  from space 11776K, 96% used [0x00000000efa80000,0x00000000f05a2648,0x00000000f0600000)
  to   space 13312K, 0% used [0x00000000eec00000,0x00000000eec00000,0x00000000ef900000)
 ParOldGen       total 78336K, used 21373K [0x0000000081c00000, 0x0000000086880000, 0x00000000d5f00000)
  object space 78336K, 27% used [0x0000000081c00000,0x00000000830df718,0x0000000086880000)
 Metaspace       used 56160K, capacity 59039K, committed 59160K, reserved 1101824K
  class space    used 7045K, capacity 7529K, committed 7552K, reserved 1048576K
}
Event: 21.087 GC heap before
{Heap before GC invocations=15 (full 3):
 PSYoungGen      total 417792K, used 11401K [0x00000000d5f00000, 0x00000000f0600000, 0x0000000100000000)
  eden space 406016K, 0% used [0x00000000d5f00000,0x00000000d5f00000,0x00000000eeb80000)
  from space 11776K, 96% used [0x00000000efa80000,0x00000000f05a2648,0x00000000f0600000)
  to   space 13312K, 0% used [0x00000000eec00000,0x00000000eec00000,0x00000000ef900000)
 ParOldGen       total 78336K, used 21373K [0x0000000081c00000, 0x0000000086880000, 0x00000000d5f00000)
  object space 78336K, 27% used [0x0000000081c00000,0x00000000830df718,0x0000000086880000)
 Metaspace       used 56160K, capacity 59039K, committed 59160K, reserved 1101824K
  class space    used 7045K, capacity 7529K, committed 7552K, reserved 1048576K
Event: 21.274 GC heap after
Heap after GC invocations=15 (full 3):
 PSYoungGen      total 417792K, used 0K [0x00000000d5f00000, 0x00000000f0600000, 0x0000000100000000)
  eden space 406016K, 0% used [0x00000000d5f00000,0x00000000d5f00000,0x00000000eeb80000)
  from space 11776K, 0% used [0x00000000efa80000,0x00000000efa80000,0x00000000f0600000)
  to   space 13312K, 0% used [0x00000000eec00000,0x00000000eec00000,0x00000000ef900000)
 ParOldGen       total 112640K, used 25184K [0x0000000081c00000, 0x0000000088a00000, 0x00000000d5f00000)
  object space 112640K, 22% used [0x0000000081c00000,0x0000000083498278,0x0000000088a00000)
 Metaspace       used 56125K, capacity 58983K, committed 59160K, reserved 1101824K
  class space    used 7039K, capacity 7519K, committed 7552K, reserved 1048576K
}

