# JRE version: Java(TM) SE Runtime Environment (8.0_25-b18) (build 1.8.0_25-b18)
# Java VM: Java HotSpot(TM) 64-Bit Server VM (25.25-b02 mixed mode windows-amd64 compressed oops)
Heap:
 PSYoungGen      total 183808K, used 162372K [0x00000000d5f00000, 0x00000000e3e80000, 0x0000000100000000)
  eden space 174080K, 93% used [0x00000000d5f00000,0x00000000dfd91018,0x00000000e0900000)
  from space 9728K, 0% used [0x00000000e1400000,0x00000000e1400000,0x00000000e1d80000)
  to   space 11264K, 0% used [0x00000000e0900000,0x00000000e0900000,0x00000000e1400000)
 ParOldGen       total 87552K, used 15720K [0x0000000081c00000, 0x0000000087180000, 0x00000000d5f00000)
  object space 87552K, 17% used [0x0000000081c00000,0x0000000082b5a210,0x0000000087180000)
 Metaspace       used 44146K, capacity 47004K, committed 47144K, reserved 1089536K
  class space    used 6219K, capacity 6695K, committed 6696K, reserved 1048576K
GC Heap History (10 events):
Event: 4.400 GC heap before
{Heap before GC invocations=6 (full 1):
 PSYoungGen      total 71680K, used 5102K [0x00000000d5f00000, 0x00000000df200000, 0x0000000100000000)
  eden space 66560K, 0% used [0x00000000d5f00000,0x00000000d5f00000,0x00000000da000000)
  from space 5120K, 99% used [0x00000000da000000,0x00000000da4fbbe0,0x00000000da500000)
  to   space 8704K, 0% used [0x00000000de980000,0x00000000de980000,0x00000000df200000)
 ParOldGen       total 87552K, used 4462K [0x0000000081c00000, 0x0000000087180000, 0x00000000d5f00000)
  object space 87552K, 5% used [0x0000000081c00000,0x000000008205b970,0x0000000087180000)
 Metaspace       used 19671K, capacity 21198K, committed 21296K, reserved 1067008K
  class space    used 2567K, capacity 2849K, committed 2944K, reserved 1048576K
Event: 4.452 GC heap after
Heap after GC invocations=6 (full 1):
 PSYoungGen      total 71680K, used 0K [0x00000000d5f00000, 0x00000000df200000, 0x0000000100000000)
  eden space 66560K, 0% used [0x00000000d5f00000,0x00000000d5f00000,0x00000000da000000)
  from space 5120K, 0% used [0x00000000da000000,0x00000000da000000,0x00000000da500000)
  to   space 8704K, 0% used [0x00000000de980000,0x00000000de980000,0x00000000df200000)
 ParOldGen       total 54784K, used 6840K [0x0000000081c00000, 0x0000000085180000, 0x00000000d5f00000)
  object space 54784K, 12% used [0x0000000081c00000,0x00000000822ae310,0x0000000085180000)
 Metaspace       used 19670K, capacity 21196K, committed 21296K, reserved 1067008K
  class space    used 2567K, capacity 2848K, committed 2944K, reserved 1048576K
}
Event: 4.997 GC heap before
{Heap before GC invocations=7 (full 1):
 PSYoungGen      total 71680K, used 66528K [0x00000000d5f00000, 0x00000000df200000, 0x0000000100000000)
  eden space 66560K, 99% used [0x00000000d5f00000,0x00000000d9ff8078,0x00000000da000000)
  from space 5120K, 0% used [0x00000000da000000,0x00000000da000000,0x00000000da500000)
  to   space 8704K, 0% used [0x00000000de980000,0x00000000de980000,0x00000000df200000)
 ParOldGen       total 54784K, used 6840K [0x0000000081c00000, 0x0000000085180000, 0x00000000d5f00000)
  object space 54784K, 12% used [0x0000000081c00000,0x00000000822ae310,0x0000000085180000)
 Metaspace       used 22955K, capacity 24646K, committed 24960K, reserved 1071104K
  class space    used 3038K, capacity 3351K, committed 3456K, reserved 1048576K
Event: 5.006 GC heap after
Heap after GC invocations=7 (full 1):
 PSYoungGen      total 115712K, used 5697K [0x00000000d5f00000, 0x00000000def80000, 0x0000000100000000)
  eden space 109568K, 0% used [0x00000000d5f00000,0x00000000d5f00000,0x00000000dca00000)
  from space 6144K, 92% used [0x00000000de980000,0x00000000def107e0,0x00000000def80000)
  to   space 8192K, 0% used [0x00000000ddf80000,0x00000000ddf80000,0x00000000de780000)
 ParOldGen       total 54784K, used 6840K [0x0000000081c00000, 0x0000000085180000, 0x00000000d5f00000)
  object space 54784K, 12% used [0x0000000081c00000,0x00000000822ae310,0x0000000085180000)
 Metaspace       used 22955K, capacity 24646K, committed 24960K, reserved 1071104K
  class space    used 3038K, capacity 3351K, committed 3456K, reserved 1048576K
}
Event: 6.592 GC heap before
{Heap before GC invocations=8 (full 1):
 PSYoungGen      total 115712K, used 115265K [0x00000000d5f00000, 0x00000000def80000, 0x0000000100000000)
  eden space 109568K, 100% used [0x00000000d5f00000,0x00000000dca00000,0x00000000dca00000)
  from space 6144K, 92% used [0x00000000de980000,0x00000000def107e0,0x00000000def80000)
  to   space 8192K, 0% used [0x00000000ddf80000,0x00000000ddf80000,0x00000000de780000)
 ParOldGen       total 54784K, used 6840K [0x0000000081c00000, 0x0000000085180000, 0x00000000d5f00000)
  object space 54784K, 12% used [0x0000000081c00000,0x00000000822ae310,0x0000000085180000)
 Metaspace       used 26862K, capacity 28922K, committed 29056K, reserved 1075200K
  class space    used 3557K, capacity 3901K, committed 3968K, reserved 1048576K
Event: 6.605 GC heap after
Heap after GC invocations=8 (full 1):
 PSYoungGen      total 139776K, used 8183K [0x00000000d5f00000, 0x00000000e1d80000, 0x0000000100000000)
  eden space 131584K, 0% used [0x00000000d5f00000,0x00000000d5f00000,0x00000000ddf80000)
  from space 8192K, 99% used [0x00000000ddf80000,0x00000000de77de00,0x00000000de780000)
  to   space 9728K, 0% used [0x00000000e1400000,0x00000000e1400000,0x00000000e1d80000)
 ParOldGen       total 54784K, used 7695K [0x0000000081c00000, 0x0000000085180000, 0x00000000d5f00000)
  object space 54784K, 14% used [0x0000000081c00000,0x0000000082383f70,0x0000000085180000)
 Metaspace       used 26862K, capacity 28922K, committed 29056K, reserved 1075200K
  class space    used 3557K, capacity 3901K, committed 3968K, reserved 1048576K
}
Event: 8.237 GC heap before
{Heap before GC invocations=9 (full 1):
 PSYoungGen      total 139776K, used 104356K [0x00000000d5f00000, 0x00000000e1d80000, 0x0000000100000000)
  eden space 131584K, 73% used [0x00000000d5f00000,0x00000000dbceb3b0,0x00000000ddf80000)
  from space 8192K, 99% used [0x00000000ddf80000,0x00000000de77de00,0x00000000de780000)
  to   space 9728K, 0% used [0x00000000e1400000,0x00000000e1400000,0x00000000e1d80000)
 ParOldGen       total 54784K, used 7695K [0x0000000081c00000, 0x0000000085180000, 0x00000000d5f00000)
  object space 54784K, 14% used [0x0000000081c00000,0x0000000082383f70,0x0000000085180000)
 Metaspace       used 33079K, capacity 35406K, committed 35496K, reserved 1079296K
  class space    used 4628K, capacity 5020K, committed 5032K, reserved 1048576K
Event: 8.250 GC heap after
Heap after GC invocations=9 (full 1):
 PSYoungGen      total 183808K, used 9720K [0x00000000d5f00000, 0x00000000e3e80000, 0x0000000100000000)
  eden space 174080K, 0% used [0x00000000d5f00000,0x00000000d5f00000,0x00000000e0900000)
  from space 9728K, 99% used [0x00000000e1400000,0x00000000e1d7e058,0x00000000e1d80000)
  to   space 11264K, 0% used [0x00000000e0900000,0x00000000e0900000,0x00000000e1400000)
 ParOldGen       total 54784K, used 9324K [0x0000000081c00000, 0x0000000085180000, 0x00000000d5f00000)
  object space 54784K, 17% used [0x0000000081c00000,0x000000008251b030,0x0000000085180000)
 Metaspace       used 33079K, capacity 35406K, committed 35496K, reserved 1079296K
  class space    used 4628K, capacity 5020K, committed 5032K, reserved 1048576K
}
Event: 8.250 GC heap before
{Heap before GC invocations=10 (full 2):
 PSYoungGen      total 183808K, used 9720K [0x00000000d5f00000, 0x00000000e3e80000, 0x0000000100000000)
  eden space 174080K, 0% used [0x00000000d5f00000,0x00000000d5f00000,0x00000000e0900000)
  from space 9728K, 99% used [0x00000000e1400000,0x00000000e1d7e058,0x00000000e1d80000)
  to   space 11264K, 0% used [0x00000000e0900000,0x00000000e0900000,0x00000000e1400000)
 ParOldGen       total 54784K, used 9324K [0x0000000081c00000, 0x0000000085180000, 0x00000000d5f00000)
  object space 54784K, 17% used [0x0000000081c00000,0x000000008251b030,0x0000000085180000)
 Metaspace       used 33079K, capacity 35406K, committed 35496K, reserved 1079296K
  class space    used 4628K, capacity 5020K, committed 5032K, reserved 1048576K
Event: 8.338 GC heap after
Heap after GC invocations=10 (full 2):
 PSYoungGen      total 183808K, used 0K [0x00000000d5f00000, 0x00000000e3e80000, 0x0000000100000000)
  eden space 174080K, 0% used [0x00000000d5f00000,0x00000000d5f00000,0x00000000e0900000)
  from space 9728K, 0% used [0x00000000e1400000,0x00000000e1400000,0x00000000e1d80000)
  to   space 11264K, 0% used [0x00000000e0900000,0x00000000e0900000,0x00000000e1400000)
 ParOldGen       total 87552K, used 15720K [0x0000000081c00000, 0x0000000087180000, 0x00000000d5f00000)
  object space 87552K, 17% used [0x0000000081c00000,0x0000000082b5a210,0x0000000087180000)
 Metaspace       used 33079K, capacity 35406K, committed 35496K, reserved 1079296K
  class space    used 4628K, capacity 5020K, committed 5032K, reserved 1048576K
}

